Copyright 1986-2021 Xilinx, Inc. All Rights Reserved.
-------------------------------------------------------------------------------------------------------------------------------------
| Tool Version     : Vivado v.2021.1 (win64) Build 3247384 Thu Jun 10 19:36:33 MDT 2021
| Date             : Wed Nov 30 20:10:05 2022
| Host             : DESKTOP-PT2MS6K running 64-bit major release  (build 9200)
| Command          : report_power -file task1_power_routed.rpt -pb task1_power_summary_routed.pb -rpx task1_power_routed.rpx
| Design           : task1
| Device           : xc7a35tcsg324-1
| Design State     : routed
| Grade            : commercial
| Process          : typical
| Characterization : Production
-------------------------------------------------------------------------------------------------------------------------------------

Power Report

Table of Contents
-----------------
1. Summary
1.1 On-Chip Components
1.2 Power Supply Summary
1.3 Confidence Level
2. Settings
2.1 Environment
2.2 Clock Constraints
3. Detailed Reports
3.1 By Hierarchy

1. Summary
----------

+--------------------------+--------------+
| Total On-Chip Power (W)  | 11.360       |
| Design Power Budget (W)  | Unspecified* |
| Power Budget Margin (W)  | NA           |
| Dynamic (W)              | 11.206       |
| Device Static (W)        | 0.154        |
| Effective TJA (C/W)      | 4.8          |
| Max Ambient (C)          | 30.7         |
| Junction Temperature (C) | 79.3         |
| Confidence Level         | Low          |
| Setting File             | ---          |
| Simulation Activity File | ---          |
| Design Nets Matched      | NA           |
+--------------------------+--------------+
* Specify Design Power Budget using, set_operating_conditions -design_power_budget <value in Watts>


1.1 On-Chip Components
----------------------

+----------------+-----------+----------+-----------+-----------------+
| On-Chip        | Power (W) | Used     | Available | Utilization (%) |
+----------------+-----------+----------+-----------+-----------------+
| Slice Logic    |     1.128 |      324 |       --- |             --- |
|   LUT as Logic |     1.057 |       93 |     20800 |            0.45 |
|   Register     |     0.044 |      140 |     41600 |            0.34 |
|   CARRY4       |     0.020 |       10 |      8150 |            0.12 |
|   BUFG         |     0.006 |        1 |        32 |            3.13 |
|   Others       |     0.000 |       43 |       --- |             --- |
| Signals        |     0.884 |      235 |       --- |             --- |
| I/O            |     9.194 |       27 |       210 |           12.86 |
| Static Power   |     0.154 |          |           |                 |
| Total          |    11.360 |          |           |                 |
+----------------+-----------+----------+-----------+-----------------+


1.2 Power Supply Summary
------------------------

+-----------+-------------+-----------+-------------+------------+-------------+-------------+------------+
| Source    | Voltage (V) | Total (A) | Dynamic (A) | Static (A) | Powerup (A) | Budget (A)  | Margin (A) |
+-----------+-------------+-----------+-------------+------------+-------------+-------------+------------+
| Vccint    |       1.000 |     2.113 |       2.036 |      0.077 |       NA    | Unspecified | NA         |
| Vccaux    |       1.800 |     0.356 |       0.336 |      0.020 |       NA    | Unspecified | NA         |
| Vcco33    |       3.300 |     2.596 |       2.595 |      0.001 |       NA    | Unspecified | NA         |
| Vcco25    |       2.500 |     0.000 |       0.000 |      0.000 |       NA    | Unspecified | NA         |
| Vcco18    |       1.800 |     0.000 |       0.000 |      0.000 |       NA    | Unspecified | NA         |
| Vcco15    |       1.500 |     0.000 |       0.000 |      0.000 |       NA    | Unspecified | NA         |
| Vcco135   |       1.350 |     0.000 |       0.000 |      0.000 |       NA    | Unspecified | NA         |
| Vcco12    |       1.200 |     0.000 |       0.000 |      0.000 |       NA    | Unspecified | NA         |
| Vccaux_io |       1.800 |     0.000 |       0.000 |      0.000 |       NA    | Unspecified | NA         |
| Vccbram   |       1.000 |     0.002 |       0.000 |      0.002 |       NA    | Unspecified | NA         |
| MGTAVcc   |       1.000 |     0.000 |       0.000 |      0.000 |       NA    | Unspecified | NA         |
| MGTAVtt   |       1.200 |     0.000 |       0.000 |      0.000 |       NA    | Unspecified | NA         |
| Vccadc    |       1.800 |     0.020 |       0.000 |      0.020 |       NA    | Unspecified | NA         |
+-----------+-------------+-----------+-------------+------------+-------------+-------------+------------+


1.3 Confidence Level
--------------------

+-----------------------------+------------+--------------------------------------------------------+--------------------------------------------------------------------------------------------------------------------+
| User Input Data             | Confidence | Details                                                | Action                                                                                                             |
+-----------------------------+------------+--------------------------------------------------------+--------------------------------------------------------------------------------------------------------------------+
| Design implementation state | High       | Design is routed                                       |                                                                                                                    |
| Clock nodes activity        | Low        | User specified less than 75% of clocks                 | Provide missing clock activity with a constraint file, simulation results or by editing the "By Clock Domain" view |
| I/O nodes activity          | Low        | More than 75% of inputs are missing user specification | Provide missing input activity with simulation results or by editing the "By Resource Type -> I/Os" view           |
| Internal nodes activity     | Medium     | User specified less than 25% of internal nodes         | Provide missing internal nodes activity with simulation results or by editing the "By Resource Type" views         |
| Device models               | High       | Device models are Production                           |                                                                                                                    |
|                             |            |                                                        |                                                                                                                    |
| Overall confidence level    | Low        |                                                        |                                                                                                                    |
+-----------------------------+------------+--------------------------------------------------------+--------------------------------------------------------------------------------------------------------------------+


2. Settings
-----------

2.1 Environment
---------------

+-----------------------+--------------------------+
| Ambient Temp (C)      | 25.0                     |
| ThetaJA (C/W)         | 4.8                      |
| Airflow (LFM)         | 250                      |
| Heat Sink             | medium (Medium Profile)  |
| ThetaSA (C/W)         | 4.6                      |
| Board Selection       | medium (10"x10")         |
| # of Board Layers     | 12to15 (12 to 15 Layers) |
| Board Temperature (C) | 25.0                     |
+-----------------------+--------------------------+


2.2 Clock Constraints
---------------------

+-------+--------+-----------------+
| Clock | Domain | Constraint (ns) |
+-------+--------+-----------------+


3. Detailed Reports
-------------------

3.1 By Hierarchy
----------------

+------------------+-----------+
| Name             | Power (W) |
+------------------+-----------+
| task1            |    11.206 |
|   DIS_reg[3]     |     0.017 |
|   DIS_reg[4]     |     0.023 |
|   DISupc         |     0.323 |
|   DIVIDER        |     0.073 |
|   Dfreq          |     0.007 |
|     DFF1         |     0.005 |
|     DFF2         |     0.002 |
|     DFF3         |     0.001 |
|   Dhour          |     0.012 |
|     DFF1         |     0.008 |
|     DFF2         |     0.003 |
|     DFF3         |     0.002 |
|   Dmin           |     0.009 |
|     DFF1         |     0.006 |
|     DFF2         |     0.002 |
|     DFF3         |     0.001 |
|   Dpause         |     0.011 |
|     DFF1         |     0.007 |
|     DFF2         |     0.003 |
|   Dsec           |     0.009 |
|     DFF1         |     0.005 |
|     DFF2         |     0.003 |
|     DFF3         |     0.001 |
|   SEV1           |     0.161 |
|   SEV2           |     0.006 |
|   SEV3           |     0.144 |
|   SEV4           |     0.007 |
|   SEV56          |     0.068 |
|   UPC1           |     0.089 |
|   UPC2           |     0.241 |
|   UPC3           |     0.092 |
|   UPC4           |     0.210 |
|   UPC56          |     0.303 |
|   nolabel_line70 |     0.123 |
+------------------+-----------+


