#-----------------------------------------------------------
# Vivado v2021.1 (64-bit)
# SW Build 3247384 on Thu Jun 10 19:36:33 MDT 2021
# IP Build 3246043 on Fri Jun 11 00:30:35 MDT 2021
# Start of session at: Fri Dec  9 18:48:56 2022
# Process ID: 5440
# Current directory: C:/Users/Oscar/Desktop/carpetas/cole/2022.2/DLD/lab08
# Command line: vivado.exe -gui_launcher_event rodinguilauncherevent2168 C:\Users\Oscar\Desktop\carpetas\cole\2022.2\DLD\lab08\lab05.xpr
# Log file: C:/Users/Oscar/Desktop/carpetas/cole/2022.2/DLD/lab08/vivado.log
# Journal file: C:/Users/Oscar/Desktop/carpetas/cole/2022.2/DLD/lab08\vivado.jou
#-----------------------------------------------------------
start_gui
open_project C:/Users/Oscar/Desktop/carpetas/cole/2022.2/DLD/lab08/lab05.xpr
WARNING: [filemgmt 56-3] Default IP Output Path : Could not find the directory 'C:/Users/Oscar/Desktop/carpetas/cole/2022.2/DLD/lab08/lab05.gen/sources_1'.
Scanning sources...
Finished scanning sources
INFO: [IP_Flow 19-234] Refreshing IP repositories
INFO: [IP_Flow 19-1704] No user IP repositories specified
INFO: [IP_Flow 19-2313] Loaded Vivado IP repository 'C:/Xilinx/Vivado/2021.1/data/ip'.
open_project: Time (s): cpu = 00:00:05 ; elapsed = 00:00:06 . Memory (MB): peak = 1122.797 ; gain = 0.000
export_ip_user_files -of_objects  [get_files C:/Users/Oscar/Desktop/carpetas/cole/2022.2/DLD/lab08/lab05.srcs/sources_1/new/debounce.v] -no_script -reset -force -quiet
remove_files  C:/Users/Oscar/Desktop/carpetas/cole/2022.2/DLD/lab08/lab05.srcs/sources_1/new/debounce.v
export_ip_user_files -of_objects  [get_files C:/Users/Oscar/Desktop/carpetas/cole/2022.2/DLD/lab08/lab05.srcs/sources_1/new/divider.v] -no_script -reset -force -quiet
remove_files  C:/Users/Oscar/Desktop/carpetas/cole/2022.2/DLD/lab08/lab05.srcs/sources_1/new/divider.v
export_ip_user_files -of_objects  [get_files C:/Users/Oscar/Desktop/carpetas/cole/2022.2/DLD/lab08/lab05.srcs/sources_1/new/DFF.v] -no_script -reset -force -quiet
remove_files  C:/Users/Oscar/Desktop/carpetas/cole/2022.2/DLD/lab08/lab05.srcs/sources_1/new/DFF.v
open_hw_manager
connect_hw_server -allow_non_jtag
INFO: [Labtools 27-2285] Connecting to hw_server url TCP:localhost:3121
INFO: [Labtools 27-2222] Launching hw_server...
INFO: [Labtools 27-2221] Launch Output:

****** Xilinx hw_server v2021.1
  **** Build date : Jun 10 2021 at 20:17:23
    ** Copyright 1986-2021 Xilinx, Inc. All Rights Reserved.


INFO: [Labtools 27-3415] Connecting to cs_server url TCP:localhost:3042
INFO: [Labtools 27-3417] Launching cs_server...
INFO: [Labtools 27-2221] Launch Output:


******** Xilinx cs_server v2021.1
  ****** Build date   : May 27 2021-01:32:33
    **** Build number : 2021.1.1622050353
      ** Copyright 2017-2022 Xilinx, Inc. All Rights Reserved.



connect_hw_server: Time (s): cpu = 00:00:00 ; elapsed = 00:00:16 . Memory (MB): peak = 1122.797 ; gain = 0.000
open_hw_target
INFO: [Labtoolstcl 44-466] Opening hw_target localhost:3121/xilinx_tcf/Xilinx/1234-tulA
set_property PROGRAM.FILE {C:/Users/Oscar/Desktop/carpetas/cole/2022.2/DLD/lab08/lab05.runs/impl_1/task1.bit} [get_hw_devices xc7a35t_0]
current_hw_device [get_hw_devices xc7a35t_0]
refresh_hw_device -update_hw_probes false [lindex [get_hw_devices xc7a35t_0] 0]
INFO: [Labtools 27-1434] Device xc7a35t (JTAG device index = 0) is programmed with a design that has no supported debug core(s) in it.
set_property PROBES.FILE {} [get_hw_devices xc7a35t_0]
set_property FULL_PROBES.FILE {} [get_hw_devices xc7a35t_0]
set_property PROGRAM.FILE {C:/Users/Oscar/Desktop/carpetas/cole/2022.2/DLD/lab08/lab05.runs/impl_1/task1.bit} [get_hw_devices xc7a35t_0]
program_hw_devices [get_hw_devices xc7a35t_0]
INFO: [Labtools 27-3164] End of startup status: HIGH
refresh_hw_device [lindex [get_hw_devices xc7a35t_0] 0]
INFO: [Labtools 27-1434] Device xc7a35t (JTAG device index = 0) is programmed with a design that has no supported debug core(s) in it.
reset_run synth_1
WARNING: [Vivado 12-1017] Problems encountered:
1. Failed to delete one or more files in run directory C:/Users/Oscar/Desktop/carpetas/cole/2022.2/DLD/lab08/lab05.runs/synth_1

launch_runs synth_1 -jobs 6
[Fri Dec  9 18:57:06 2022] Launched synth_1...
Run output will be captured here: C:/Users/Oscar/Desktop/carpetas/cole/2022.2/DLD/lab08/lab05.runs/synth_1/runme.log
launch_runs impl_1 -jobs 6
[Fri Dec  9 18:57:39 2022] Launched impl_1...
Run output will be captured here: C:/Users/Oscar/Desktop/carpetas/cole/2022.2/DLD/lab08/lab05.runs/impl_1/runme.log
launch_runs impl_1 -to_step write_bitstream -jobs 6
[Fri Dec  9 18:59:05 2022] Launched impl_1...
Run output will be captured here: C:/Users/Oscar/Desktop/carpetas/cole/2022.2/DLD/lab08/lab05.runs/impl_1/runme.log
set_property PROBES.FILE {} [get_hw_devices xc7a35t_0]
set_property FULL_PROBES.FILE {} [get_hw_devices xc7a35t_0]
set_property PROGRAM.FILE {C:/Users/Oscar/Desktop/carpetas/cole/2022.2/DLD/lab08/lab05.runs/impl_1/task1.bit} [get_hw_devices xc7a35t_0]
program_hw_devices [get_hw_devices xc7a35t_0]
INFO: [Labtools 27-3164] End of startup status: HIGH
refresh_hw_device [lindex [get_hw_devices xc7a35t_0] 0]
INFO: [Labtools 27-1434] Device xc7a35t (JTAG device index = 0) is programmed with a design that has no supported debug core(s) in it.
reset_run synth_1
WARNING: [Vivado 12-1017] Problems encountered:
1. Failed to delete one or more files in run directory C:/Users/Oscar/Desktop/carpetas/cole/2022.2/DLD/lab08/lab05.runs/synth_1

launch_runs synth_1 -jobs 6
[Fri Dec  9 19:04:04 2022] Launched synth_1...
Run output will be captured here: C:/Users/Oscar/Desktop/carpetas/cole/2022.2/DLD/lab08/lab05.runs/synth_1/runme.log
launch_runs impl_1 -jobs 6
[Fri Dec  9 19:04:42 2022] Launched impl_1...
Run output will be captured here: C:/Users/Oscar/Desktop/carpetas/cole/2022.2/DLD/lab08/lab05.runs/impl_1/runme.log
launch_runs impl_1 -to_step write_bitstream -jobs 6
[Fri Dec  9 19:05:45 2022] Launched impl_1...
Run output will be captured here: C:/Users/Oscar/Desktop/carpetas/cole/2022.2/DLD/lab08/lab05.runs/impl_1/runme.log
set_property PROBES.FILE {} [get_hw_devices xc7a35t_0]
set_property FULL_PROBES.FILE {} [get_hw_devices xc7a35t_0]
set_property PROGRAM.FILE {C:/Users/Oscar/Desktop/carpetas/cole/2022.2/DLD/lab08/lab05.runs/impl_1/task1.bit} [get_hw_devices xc7a35t_0]
program_hw_devices [get_hw_devices xc7a35t_0]
INFO: [Labtools 27-3164] End of startup status: HIGH
refresh_hw_device [lindex [get_hw_devices xc7a35t_0] 0]
INFO: [Labtools 27-1434] Device xc7a35t (JTAG device index = 0) is programmed with a design that has no supported debug core(s) in it.
reset_run synth_1
WARNING: [Vivado 12-1017] Problems encountered:
1. Failed to delete one or more files in run directory C:/Users/Oscar/Desktop/carpetas/cole/2022.2/DLD/lab08/lab05.runs/synth_1

launch_runs synth_1 -jobs 6
[Fri Dec  9 19:06:58 2022] Launched synth_1...
Run output will be captured here: C:/Users/Oscar/Desktop/carpetas/cole/2022.2/DLD/lab08/lab05.runs/synth_1/runme.log
launch_runs impl_1 -jobs 6
[Fri Dec  9 19:07:36 2022] Launched impl_1...
Run output will be captured here: C:/Users/Oscar/Desktop/carpetas/cole/2022.2/DLD/lab08/lab05.runs/impl_1/runme.log
launch_runs impl_1 -to_step write_bitstream -jobs 6
[Fri Dec  9 19:08:19 2022] Launched impl_1...
Run output will be captured here: C:/Users/Oscar/Desktop/carpetas/cole/2022.2/DLD/lab08/lab05.runs/impl_1/runme.log
set_property PROBES.FILE {} [get_hw_devices xc7a35t_0]
set_property FULL_PROBES.FILE {} [get_hw_devices xc7a35t_0]
set_property PROGRAM.FILE {C:/Users/Oscar/Desktop/carpetas/cole/2022.2/DLD/lab08/lab05.runs/impl_1/task1.bit} [get_hw_devices xc7a35t_0]
program_hw_devices [get_hw_devices xc7a35t_0]
INFO: [Labtools 27-3164] End of startup status: HIGH
refresh_hw_device [lindex [get_hw_devices xc7a35t_0] 0]
INFO: [Labtools 27-1434] Device xc7a35t (JTAG device index = 0) is programmed with a design that has no supported debug core(s) in it.
reset_run synth_1
WARNING: [Vivado 12-1017] Problems encountered:
1. Failed to delete one or more files in run directory C:/Users/Oscar/Desktop/carpetas/cole/2022.2/DLD/lab08/lab05.runs/synth_1

launch_runs synth_1 -jobs 6
[Fri Dec  9 19:09:37 2022] Launched synth_1...
Run output will be captured here: C:/Users/Oscar/Desktop/carpetas/cole/2022.2/DLD/lab08/lab05.runs/synth_1/runme.log
reset_run synth_1
WARNING: [Vivado 12-1017] Problems encountered:
1. Failed to delete one or more files in run directory C:/Users/Oscar/Desktop/carpetas/cole/2022.2/DLD/lab08/lab05.runs/synth_1

launch_runs synth_1 -jobs 6
[Fri Dec  9 19:09:49 2022] Launched synth_1...
Run output will be captured here: C:/Users/Oscar/Desktop/carpetas/cole/2022.2/DLD/lab08/lab05.runs/synth_1/runme.log
launch_runs impl_1 -jobs 6
[Fri Dec  9 19:10:31 2022] Launched impl_1...
Run output will be captured here: C:/Users/Oscar/Desktop/carpetas/cole/2022.2/DLD/lab08/lab05.runs/impl_1/runme.log
launch_runs impl_1 -to_step write_bitstream -jobs 6
[Fri Dec  9 19:11:17 2022] Launched impl_1...
Run output will be captured here: C:/Users/Oscar/Desktop/carpetas/cole/2022.2/DLD/lab08/lab05.runs/impl_1/runme.log
set_property PROBES.FILE {} [get_hw_devices xc7a35t_0]
set_property FULL_PROBES.FILE {} [get_hw_devices xc7a35t_0]
set_property PROGRAM.FILE {C:/Users/Oscar/Desktop/carpetas/cole/2022.2/DLD/lab08/lab05.runs/impl_1/task1.bit} [get_hw_devices xc7a35t_0]
program_hw_devices [get_hw_devices xc7a35t_0]
INFO: [Labtools 27-3164] End of startup status: HIGH
refresh_hw_device [lindex [get_hw_devices xc7a35t_0] 0]
INFO: [Labtools 27-1434] Device xc7a35t (JTAG device index = 0) is programmed with a design that has no supported debug core(s) in it.
set_property PROBES.FILE {} [get_hw_devices xc7a35t_0]
set_property FULL_PROBES.FILE {} [get_hw_devices xc7a35t_0]
set_property PROGRAM.FILE {C:/Users/Oscar/Desktop/carpetas/cole/2022.2/DLD/lab08/lab05.runs/impl_1/task1.bit} [get_hw_devices xc7a35t_0]
program_hw_devices [get_hw_devices xc7a35t_0]
INFO: [Labtools 27-3164] End of startup status: HIGH
refresh_hw_device [lindex [get_hw_devices xc7a35t_0] 0]
INFO: [Labtools 27-1434] Device xc7a35t (JTAG device index = 0) is programmed with a design that has no supported debug core(s) in it.
reset_run synth_1
WARNING: [Vivado 12-1017] Problems encountered:
1. Failed to delete one or more files in run directory C:/Users/Oscar/Desktop/carpetas/cole/2022.2/DLD/lab08/lab05.runs/synth_1

launch_runs synth_1 -jobs 6
[Fri Dec  9 19:18:19 2022] Launched synth_1...
Run output will be captured here: C:/Users/Oscar/Desktop/carpetas/cole/2022.2/DLD/lab08/lab05.runs/synth_1/runme.log
launch_runs impl_1 -jobs 6
[Fri Dec  9 19:19:20 2022] Launched impl_1...
Run output will be captured here: C:/Users/Oscar/Desktop/carpetas/cole/2022.2/DLD/lab08/lab05.runs/impl_1/runme.log
launch_runs impl_1 -to_step write_bitstream -jobs 6
[Fri Dec  9 19:20:06 2022] Launched impl_1...
Run output will be captured here: C:/Users/Oscar/Desktop/carpetas/cole/2022.2/DLD/lab08/lab05.runs/impl_1/runme.log
set_property PROBES.FILE {} [get_hw_devices xc7a35t_0]
set_property FULL_PROBES.FILE {} [get_hw_devices xc7a35t_0]
set_property PROGRAM.FILE {C:/Users/Oscar/Desktop/carpetas/cole/2022.2/DLD/lab08/lab05.runs/impl_1/task1.bit} [get_hw_devices xc7a35t_0]
program_hw_devices [get_hw_devices xc7a35t_0]
INFO: [Labtools 27-3164] End of startup status: HIGH
refresh_hw_device [lindex [get_hw_devices xc7a35t_0] 0]
INFO: [Labtools 27-1434] Device xc7a35t (JTAG device index = 0) is programmed with a design that has no supported debug core(s) in it.
reset_run synth_1
WARNING: [Vivado 12-1017] Problems encountered:
1. Failed to delete one or more files in run directory C:/Users/Oscar/Desktop/carpetas/cole/2022.2/DLD/lab08/lab05.runs/synth_1

launch_runs synth_1 -jobs 6
[Fri Dec  9 19:22:31 2022] Launched synth_1...
Run output will be captured here: C:/Users/Oscar/Desktop/carpetas/cole/2022.2/DLD/lab08/lab05.runs/synth_1/runme.log
launch_runs impl_1 -jobs 6
[Fri Dec  9 19:23:13 2022] Launched impl_1...
Run output will be captured here: C:/Users/Oscar/Desktop/carpetas/cole/2022.2/DLD/lab08/lab05.runs/impl_1/runme.log
launch_runs impl_1 -to_step write_bitstream -jobs 6
[Fri Dec  9 19:23:57 2022] Launched impl_1...
Run output will be captured here: C:/Users/Oscar/Desktop/carpetas/cole/2022.2/DLD/lab08/lab05.runs/impl_1/runme.log
set_property PROBES.FILE {} [get_hw_devices xc7a35t_0]
set_property FULL_PROBES.FILE {} [get_hw_devices xc7a35t_0]
set_property PROGRAM.FILE {C:/Users/Oscar/Desktop/carpetas/cole/2022.2/DLD/lab08/lab05.runs/impl_1/task1.bit} [get_hw_devices xc7a35t_0]
program_hw_devices [get_hw_devices xc7a35t_0]
INFO: [Labtools 27-3164] End of startup status: HIGH
refresh_hw_device [lindex [get_hw_devices xc7a35t_0] 0]
INFO: [Labtools 27-1434] Device xc7a35t (JTAG device index = 0) is programmed with a design that has no supported debug core(s) in it.
reset_run synth_1
WARNING: [Vivado 12-1017] Problems encountered:
1. Failed to delete one or more files in run directory C:/Users/Oscar/Desktop/carpetas/cole/2022.2/DLD/lab08/lab05.runs/synth_1

launch_runs synth_1 -jobs 6
[Fri Dec  9 19:25:40 2022] Launched synth_1...
Run output will be captured here: C:/Users/Oscar/Desktop/carpetas/cole/2022.2/DLD/lab08/lab05.runs/synth_1/runme.log
launch_runs impl_1 -jobs 6
[Fri Dec  9 19:26:13 2022] Launched impl_1...
Run output will be captured here: C:/Users/Oscar/Desktop/carpetas/cole/2022.2/DLD/lab08/lab05.runs/impl_1/runme.log
launch_runs impl_1 -to_step write_bitstream -jobs 6
[Fri Dec  9 19:26:59 2022] Launched impl_1...
Run output will be captured here: C:/Users/Oscar/Desktop/carpetas/cole/2022.2/DLD/lab08/lab05.runs/impl_1/runme.log
set_property PROBES.FILE {} [get_hw_devices xc7a35t_0]
set_property FULL_PROBES.FILE {} [get_hw_devices xc7a35t_0]
set_property PROGRAM.FILE {C:/Users/Oscar/Desktop/carpetas/cole/2022.2/DLD/lab08/lab05.runs/impl_1/task1.bit} [get_hw_devices xc7a35t_0]
program_hw_devices [get_hw_devices xc7a35t_0]
INFO: [Labtools 27-3164] End of startup status: HIGH
refresh_hw_device [lindex [get_hw_devices xc7a35t_0] 0]
INFO: [Labtools 27-1434] Device xc7a35t (JTAG device index = 0) is programmed with a design that has no supported debug core(s) in it.
reset_run synth_1
WARNING: [Vivado 12-1017] Problems encountered:
1. Failed to delete one or more files in run directory C:/Users/Oscar/Desktop/carpetas/cole/2022.2/DLD/lab08/lab05.runs/synth_1

launch_runs synth_1 -jobs 6
[Fri Dec  9 19:28:34 2022] Launched synth_1...
Run output will be captured here: C:/Users/Oscar/Desktop/carpetas/cole/2022.2/DLD/lab08/lab05.runs/synth_1/runme.log
launch_runs impl_1 -jobs 6
[Fri Dec  9 19:29:07 2022] Launched impl_1...
Run output will be captured here: C:/Users/Oscar/Desktop/carpetas/cole/2022.2/DLD/lab08/lab05.runs/impl_1/runme.log
launch_runs impl_1 -to_step write_bitstream -jobs 6
[Fri Dec  9 19:29:59 2022] Launched impl_1...
Run output will be captured here: C:/Users/Oscar/Desktop/carpetas/cole/2022.2/DLD/lab08/lab05.runs/impl_1/runme.log
set_property PROBES.FILE {} [get_hw_devices xc7a35t_0]
set_property FULL_PROBES.FILE {} [get_hw_devices xc7a35t_0]
set_property PROGRAM.FILE {C:/Users/Oscar/Desktop/carpetas/cole/2022.2/DLD/lab08/lab05.runs/impl_1/task1.bit} [get_hw_devices xc7a35t_0]
program_hw_devices [get_hw_devices xc7a35t_0]
INFO: [Labtools 27-3164] End of startup status: HIGH
refresh_hw_device [lindex [get_hw_devices xc7a35t_0] 0]
INFO: [Labtools 27-1434] Device xc7a35t (JTAG device index = 0) is programmed with a design that has no supported debug core(s) in it.
close [ open C:/Users/Oscar/Desktop/carpetas/cole/2022.2/DLD/lab08/lab05.srcs/sources_1/new/quotient_counter.v w ]
add_files C:/Users/Oscar/Desktop/carpetas/cole/2022.2/DLD/lab08/lab05.srcs/sources_1/new/quotient_counter.v
open_run synth_1 -name synth_1
Design is defaulting to impl run constrset: constrs_1
Design is defaulting to synth run part: xc7a35tcsg324-1
INFO: [Device 21-403] Loading part xc7a35tcsg324-1
Netlist sorting complete. Time (s): cpu = 00:00:00 ; elapsed = 00:00:00.001 . Memory (MB): peak = 3100.020 ; gain = 0.000
INFO: [Project 1-479] Netlist was created with Vivado 2021.1
INFO: [Project 1-570] Preparing netlist for logic optimization
Parsing XDC File [C:/Users/Oscar/Desktop/carpetas/cole/2022.2/DLD/lab08/lab05.srcs/constrs_1/new/constraint_divider.xdc]
WARNING: [Vivado 12-584] No ports matched 'button'. [C:/Users/Oscar/Desktop/carpetas/cole/2022.2/DLD/lab08/lab05.srcs/constrs_1/new/constraint_divider.xdc:17]
CRITICAL WARNING: [Common 17-55] 'set_property' expects at least one object. [C:/Users/Oscar/Desktop/carpetas/cole/2022.2/DLD/lab08/lab05.srcs/constrs_1/new/constraint_divider.xdc:17]
Resolution: If [get_<value>] was used to populate the object, check to make sure this command returns at least one valid object.
WARNING: [Vivado 12-584] No ports matched 'button'. [C:/Users/Oscar/Desktop/carpetas/cole/2022.2/DLD/lab08/lab05.srcs/constrs_1/new/constraint_divider.xdc:21]
CRITICAL WARNING: [Common 17-55] 'set_property' expects at least one object. [C:/Users/Oscar/Desktop/carpetas/cole/2022.2/DLD/lab08/lab05.srcs/constrs_1/new/constraint_divider.xdc:21]
Resolution: If [get_<value>] was used to populate the object, check to make sure this command returns at least one valid object.
Finished Parsing XDC File [C:/Users/Oscar/Desktop/carpetas/cole/2022.2/DLD/lab08/lab05.srcs/constrs_1/new/constraint_divider.xdc]
INFO: [Opt 31-138] Pushed 0 inverter(s) to 0 load pin(s).
Netlist sorting complete. Time (s): cpu = 00:00:00 ; elapsed = 00:00:00 . Memory (MB): peak = 3188.332 ; gain = 0.000
INFO: [Project 1-111] Unisim Transformation Summary:
No Unisim elements were transformed.

open_run: Time (s): cpu = 00:00:07 ; elapsed = 00:00:06 . Memory (MB): peak = 3332.625 ; gain = 511.129
close [ open C:/Users/Oscar/Desktop/carpetas/cole/2022.2/DLD/lab08/lab05.srcs/sources_1/new/substractor.v w ]
add_files C:/Users/Oscar/Desktop/carpetas/cole/2022.2/DLD/lab08/lab05.srcs/sources_1/new/substractor.v
reset_run synth_1
WARNING: [Vivado 12-1017] Problems encountered:
1. Failed to delete one or more files in run directory C:/Users/Oscar/Desktop/carpetas/cole/2022.2/DLD/lab08/lab05.runs/synth_1

launch_runs synth_1 -jobs 6
[Fri Dec  9 19:47:03 2022] Launched synth_1...
Run output will be captured here: C:/Users/Oscar/Desktop/carpetas/cole/2022.2/DLD/lab08/lab05.runs/synth_1/runme.log
reset_run synth_1
WARNING: [Vivado 12-1017] Problems encountered:
1. Failed to delete one or more files in run directory C:/Users/Oscar/Desktop/carpetas/cole/2022.2/DLD/lab08/lab05.runs/synth_1

launch_runs synth_1 -jobs 6
[Fri Dec  9 19:47:37 2022] Launched synth_1...
Run output will be captured here: C:/Users/Oscar/Desktop/carpetas/cole/2022.2/DLD/lab08/lab05.runs/synth_1/runme.log
reset_run synth_1
WARNING: [Vivado 12-1017] Problems encountered:
1. Failed to delete one or more files in run directory C:/Users/Oscar/Desktop/carpetas/cole/2022.2/DLD/lab08/lab05.runs/synth_1

launch_runs synth_1 -jobs 6
[Fri Dec  9 19:48:57 2022] Launched synth_1...
Run output will be captured here: C:/Users/Oscar/Desktop/carpetas/cole/2022.2/DLD/lab08/lab05.runs/synth_1/runme.log
launch_runs impl_1 -jobs 6
WARNING: [Project 1-478] Design 'synth_1' is stale and will not be used when launching 'impl_1'
[Fri Dec  9 19:49:41 2022] Launched impl_1...
Run output will be captured here: C:/Users/Oscar/Desktop/carpetas/cole/2022.2/DLD/lab08/lab05.runs/impl_1/runme.log
launch_runs impl_1 -to_step write_bitstream -jobs 6
[Fri Dec  9 19:50:24 2022] Launched impl_1...
Run output will be captured here: C:/Users/Oscar/Desktop/carpetas/cole/2022.2/DLD/lab08/lab05.runs/impl_1/runme.log
set_property PROBES.FILE {} [get_hw_devices xc7a35t_0]
set_property FULL_PROBES.FILE {} [get_hw_devices xc7a35t_0]
set_property PROGRAM.FILE {C:/Users/Oscar/Desktop/carpetas/cole/2022.2/DLD/lab08/lab05.runs/impl_1/task1.bit} [get_hw_devices xc7a35t_0]
program_hw_devices [get_hw_devices xc7a35t_0]
INFO: [Labtools 27-3164] End of startup status: HIGH
refresh_hw_device [lindex [get_hw_devices xc7a35t_0] 0]
INFO: [Labtools 27-1434] Device xc7a35t (JTAG device index = 0) is programmed with a design that has no supported debug core(s) in it.
reset_run synth_1
WARNING: [Vivado 12-1017] Problems encountered:
1. Failed to delete one or more files in run directory C:/Users/Oscar/Desktop/carpetas/cole/2022.2/DLD/lab08/lab05.runs/synth_1

launch_runs synth_1 -jobs 6
[Fri Dec  9 19:56:19 2022] Launched synth_1...
Run output will be captured here: C:/Users/Oscar/Desktop/carpetas/cole/2022.2/DLD/lab08/lab05.runs/synth_1/runme.log
reset_run synth_1
WARNING: [Vivado 12-1017] Problems encountered:
1. Failed to delete one or more files in run directory C:/Users/Oscar/Desktop/carpetas/cole/2022.2/DLD/lab08/lab05.runs/synth_1

launch_runs synth_1 -jobs 6
[Fri Dec  9 19:56:49 2022] Launched synth_1...
Run output will be captured here: C:/Users/Oscar/Desktop/carpetas/cole/2022.2/DLD/lab08/lab05.runs/synth_1/runme.log
reset_run synth_1
WARNING: [Vivado 12-1017] Problems encountered:
1. Failed to delete one or more files in run directory C:/Users/Oscar/Desktop/carpetas/cole/2022.2/DLD/lab08/lab05.runs/synth_1

launch_runs synth_1 -jobs 6
[Fri Dec  9 20:05:41 2022] Launched synth_1...
Run output will be captured here: C:/Users/Oscar/Desktop/carpetas/cole/2022.2/DLD/lab08/lab05.runs/synth_1/runme.log
reset_run synth_1
WARNING: [Vivado 12-1017] Problems encountered:
1. Failed to delete one or more files in run directory C:/Users/Oscar/Desktop/carpetas/cole/2022.2/DLD/lab08/lab05.runs/synth_1

launch_runs synth_1 -jobs 6
[Fri Dec  9 20:06:30 2022] Launched synth_1...
Run output will be captured here: C:/Users/Oscar/Desktop/carpetas/cole/2022.2/DLD/lab08/lab05.runs/synth_1/runme.log
launch_runs impl_1 -jobs 6
WARNING: [Project 1-478] Design 'synth_1' is stale and will not be used when launching 'impl_1'
[Fri Dec  9 20:07:06 2022] Launched impl_1...
Run output will be captured here: C:/Users/Oscar/Desktop/carpetas/cole/2022.2/DLD/lab08/lab05.runs/impl_1/runme.log
reset_run synth_1
WARNING: [Vivado 12-1017] Problems encountered:
1. Failed to delete one or more files in run directory C:/Users/Oscar/Desktop/carpetas/cole/2022.2/DLD/lab08/lab05.runs/synth_1

launch_runs synth_1 -jobs 6
[Fri Dec  9 20:08:47 2022] Launched synth_1...
Run output will be captured here: C:/Users/Oscar/Desktop/carpetas/cole/2022.2/DLD/lab08/lab05.runs/synth_1/runme.log
launch_runs impl_1 -jobs 6
WARNING: [Project 1-478] Design 'synth_1' is stale and will not be used when launching 'impl_1'
[Fri Dec  9 20:09:26 2022] Launched impl_1...
Run output will be captured here: C:/Users/Oscar/Desktop/carpetas/cole/2022.2/DLD/lab08/lab05.runs/impl_1/runme.log
launch_runs impl_1 -to_step write_bitstream -jobs 6
[Fri Dec  9 20:10:17 2022] Launched impl_1...
Run output will be captured here: C:/Users/Oscar/Desktop/carpetas/cole/2022.2/DLD/lab08/lab05.runs/impl_1/runme.log
set_property PROBES.FILE {} [get_hw_devices xc7a35t_0]
set_property FULL_PROBES.FILE {} [get_hw_devices xc7a35t_0]
set_property PROGRAM.FILE {C:/Users/Oscar/Desktop/carpetas/cole/2022.2/DLD/lab08/lab05.runs/impl_1/task1.bit} [get_hw_devices xc7a35t_0]
program_hw_devices [get_hw_devices xc7a35t_0]
INFO: [Labtools 27-3164] End of startup status: HIGH
refresh_hw_device [lindex [get_hw_devices xc7a35t_0] 0]
INFO: [Labtools 27-1434] Device xc7a35t (JTAG device index = 0) is programmed with a design that has no supported debug core(s) in it.
reset_run synth_1
WARNING: [Vivado 12-1017] Problems encountered:
1. Failed to delete one or more files in run directory C:/Users/Oscar/Desktop/carpetas/cole/2022.2/DLD/lab08/lab05.runs/synth_1

launch_runs synth_1 -jobs 6
[Fri Dec  9 20:11:58 2022] Launched synth_1...
Run output will be captured here: C:/Users/Oscar/Desktop/carpetas/cole/2022.2/DLD/lab08/lab05.runs/synth_1/runme.log
launch_runs impl_1 -jobs 6
WARNING: [Project 1-478] Design 'synth_1' is stale and will not be used when launching 'impl_1'
[Fri Dec  9 20:13:00 2022] Launched impl_1...
Run output will be captured here: C:/Users/Oscar/Desktop/carpetas/cole/2022.2/DLD/lab08/lab05.runs/impl_1/runme.log
launch_runs impl_1 -to_step write_bitstream -jobs 6
[Fri Dec  9 20:14:06 2022] Launched impl_1...
Run output will be captured here: C:/Users/Oscar/Desktop/carpetas/cole/2022.2/DLD/lab08/lab05.runs/impl_1/runme.log
set_property PROBES.FILE {} [get_hw_devices xc7a35t_0]
set_property FULL_PROBES.FILE {} [get_hw_devices xc7a35t_0]
set_property PROGRAM.FILE {C:/Users/Oscar/Desktop/carpetas/cole/2022.2/DLD/lab08/lab05.runs/impl_1/task1.bit} [get_hw_devices xc7a35t_0]
program_hw_devices [get_hw_devices xc7a35t_0]
INFO: [Labtools 27-3164] End of startup status: HIGH
refresh_hw_device [lindex [get_hw_devices xc7a35t_0] 0]
INFO: [Labtools 27-1434] Device xc7a35t (JTAG device index = 0) is programmed with a design that has no supported debug core(s) in it.
reset_run synth_1
WARNING: [Vivado 12-1017] Problems encountered:
1. Failed to delete one or more files in run directory C:/Users/Oscar/Desktop/carpetas/cole/2022.2/DLD/lab08/lab05.runs/synth_1

launch_runs synth_1 -jobs 6
[Fri Dec  9 20:30:30 2022] Launched synth_1...
Run output will be captured here: C:/Users/Oscar/Desktop/carpetas/cole/2022.2/DLD/lab08/lab05.runs/synth_1/runme.log
launch_runs impl_1 -jobs 6
WARNING: [Project 1-478] Design 'synth_1' is stale and will not be used when launching 'impl_1'
[Fri Dec  9 20:31:13 2022] Launched impl_1...
Run output will be captured here: C:/Users/Oscar/Desktop/carpetas/cole/2022.2/DLD/lab08/lab05.runs/impl_1/runme.log
launch_runs impl_1 -to_step write_bitstream -jobs 6
[Fri Dec  9 20:32:01 2022] Launched impl_1...
Run output will be captured here: C:/Users/Oscar/Desktop/carpetas/cole/2022.2/DLD/lab08/lab05.runs/impl_1/runme.log
set_property PROBES.FILE {} [get_hw_devices xc7a35t_0]
set_property FULL_PROBES.FILE {} [get_hw_devices xc7a35t_0]
set_property PROGRAM.FILE {C:/Users/Oscar/Desktop/carpetas/cole/2022.2/DLD/lab08/lab05.runs/impl_1/task1.bit} [get_hw_devices xc7a35t_0]
program_hw_devices [get_hw_devices xc7a35t_0]
INFO: [Labtools 27-3164] End of startup status: HIGH
refresh_hw_device [lindex [get_hw_devices xc7a35t_0] 0]
INFO: [Labtools 27-1434] Device xc7a35t (JTAG device index = 0) is programmed with a design that has no supported debug core(s) in it.
reset_run synth_1
WARNING: [Vivado 12-1017] Problems encountered:
1. Failed to delete one or more files in run directory C:/Users/Oscar/Desktop/carpetas/cole/2022.2/DLD/lab08/lab05.runs/synth_1

launch_runs synth_1 -jobs 6
[Fri Dec  9 20:34:14 2022] Launched synth_1...
Run output will be captured here: C:/Users/Oscar/Desktop/carpetas/cole/2022.2/DLD/lab08/lab05.runs/synth_1/runme.log
launch_runs impl_1 -jobs 6
WARNING: [Project 1-478] Design 'synth_1' is stale and will not be used when launching 'impl_1'
[Fri Dec  9 20:35:02 2022] Launched impl_1...
Run output will be captured here: C:/Users/Oscar/Desktop/carpetas/cole/2022.2/DLD/lab08/lab05.runs/impl_1/runme.log
launch_runs impl_1 -to_step write_bitstream -jobs 6
[Fri Dec  9 20:36:57 2022] Launched impl_1...
Run output will be captured here: C:/Users/Oscar/Desktop/carpetas/cole/2022.2/DLD/lab08/lab05.runs/impl_1/runme.log
set_property PROBES.FILE {} [get_hw_devices xc7a35t_0]
set_property FULL_PROBES.FILE {} [get_hw_devices xc7a35t_0]
set_property PROGRAM.FILE {C:/Users/Oscar/Desktop/carpetas/cole/2022.2/DLD/lab08/lab05.runs/impl_1/task1.bit} [get_hw_devices xc7a35t_0]
program_hw_devices [get_hw_devices xc7a35t_0]
INFO: [Labtools 27-3164] End of startup status: HIGH
refresh_hw_device [lindex [get_hw_devices xc7a35t_0] 0]
INFO: [Labtools 27-1434] Device xc7a35t (JTAG device index = 0) is programmed with a design that has no supported debug core(s) in it.
exit
INFO: [Common 17-206] Exiting Vivado at Fri Dec  9 20:38:49 2022...
