#-----------------------------------------------------------
# Vivado v2021.1 (64-bit)
# SW Build 3247384 on Thu Jun 10 19:36:33 MDT 2021
# IP Build 3246043 on Fri Jun 11 00:30:35 MDT 2021
# Start of session at: Fri Dec  9 15:01:07 2022
# Process ID: 2888
# Current directory: C:/Users/Oscar/Desktop/carpetas/cole/2022.2/DLD/lab08
# Command line: vivado.exe -gui_launcher_event rodinguilauncherevent2148 C:\Users\Oscar\Desktop\carpetas\cole\2022.2\DLD\lab08\lab05.xpr
# Log file: C:/Users/Oscar/Desktop/carpetas/cole/2022.2/DLD/lab08/vivado.log
# Journal file: C:/Users/Oscar/Desktop/carpetas/cole/2022.2/DLD/lab08\vivado.jou
#-----------------------------------------------------------
start_gui
open_project C:/Users/Oscar/Desktop/carpetas/cole/2022.2/DLD/lab08/lab05.xpr
INFO: [Project 1-313] Project file moved from 'C:/Users/Oscar/Desktop/carpetas/cole/2022.2/DLD/lab07' since last save.
WARNING: [filemgmt 56-2] Default IP Output Path : Could not find the directory 'C:/Users/Oscar/Desktop/carpetas/cole/2022.2/DLD/lab08/lab05.gen/sources_1', nor could it be found using path 'C:/Users/Oscar/Desktop/carpetas/cole/2022.2/DLD/lab07/lab05.gen/sources_1'.
Scanning sources...
Finished scanning sources
INFO: [IP_Flow 19-234] Refreshing IP repositories
INFO: [IP_Flow 19-1704] No user IP repositories specified
INFO: [IP_Flow 19-2313] Loaded Vivado IP repository 'C:/Xilinx/Vivado/2021.1/data/ip'.
export_ip_user_files -of_objects  [get_files C:/Users/Oscar/Desktop/carpetas/cole/2022.2/DLD/lab08/lab05.srcs/sources_1/new/upcounter1Hz.v] -no_script -reset -force -quiet
remove_files  C:/Users/Oscar/Desktop/carpetas/cole/2022.2/DLD/lab08/lab05.srcs/sources_1/new/upcounter1Hz.v
export_ip_user_files -of_objects  [get_files C:/Users/Oscar/Desktop/carpetas/cole/2022.2/DLD/lab08/lab05.srcs/sources_1/new/seven.v] -no_script -reset -force -quiet
remove_files  C:/Users/Oscar/Desktop/carpetas/cole/2022.2/DLD/lab08/lab05.srcs/sources_1/new/seven.v
export_ip_user_files -of_objects  [get_files C:/Users/Oscar/Desktop/carpetas/cole/2022.2/DLD/lab08/lab05.srcs/sources_1/new/upcounter.v] -no_script -reset -force -quiet
remove_files  C:/Users/Oscar/Desktop/carpetas/cole/2022.2/DLD/lab08/lab05.srcs/sources_1/new/upcounter.v
reset_run synth_1
WARNING: [Vivado 12-1017] Problems encountered:
1. Failed to delete one or more files in run directory C:/Users/Oscar/Desktop/carpetas/cole/2022.2/DLD/lab08/lab05.runs/synth_1

launch_runs synth_1 -jobs 6
[Fri Dec  9 15:34:36 2022] Launched synth_1...
Run output will be captured here: C:/Users/Oscar/Desktop/carpetas/cole/2022.2/DLD/lab08/lab05.runs/synth_1/runme.log
reset_run synth_1
WARNING: [Vivado 12-1017] Problems encountered:
1. Failed to delete one or more files in run directory C:/Users/Oscar/Desktop/carpetas/cole/2022.2/DLD/lab08/lab05.runs/synth_1

launch_runs synth_1 -jobs 6
[Fri Dec  9 15:35:04 2022] Launched synth_1...
Run output will be captured here: C:/Users/Oscar/Desktop/carpetas/cole/2022.2/DLD/lab08/lab05.runs/synth_1/runme.log
reset_run synth_1
WARNING: [Vivado 12-1017] Problems encountered:
1. Failed to delete one or more files in run directory C:/Users/Oscar/Desktop/carpetas/cole/2022.2/DLD/lab08/lab05.runs/synth_1

launch_runs synth_1 -jobs 6
[Fri Dec  9 15:35:53 2022] Launched synth_1...
Run output will be captured here: C:/Users/Oscar/Desktop/carpetas/cole/2022.2/DLD/lab08/lab05.runs/synth_1/runme.log
launch_runs impl_1 -jobs 6
[Fri Dec  9 15:36:43 2022] Launched impl_1...
Run output will be captured here: C:/Users/Oscar/Desktop/carpetas/cole/2022.2/DLD/lab08/lab05.runs/impl_1/runme.log
reset_run impl_1 -prev_step 
WARNING: [Vivado 12-1017] Problems encountered:
1. PID not specified

open_run synth_1 -name synth_1
Design is defaulting to impl run constrset: constrs_1
Design is defaulting to synth run part: xc7a35tcsg324-1
INFO: [Device 21-403] Loading part xc7a35tcsg324-1
Netlist sorting complete. Time (s): cpu = 00:00:00 ; elapsed = 00:00:00 . Memory (MB): peak = 1445.410 ; gain = 0.000
INFO: [Netlist 29-17] Analyzing 5 Unisim elements for replacement
INFO: [Netlist 29-28] Unisim Transformation completed in 0 CPU seconds
INFO: [Project 1-479] Netlist was created with Vivado 2021.1
INFO: [Project 1-570] Preparing netlist for logic optimization
Parsing XDC File [C:/Users/Oscar/Desktop/carpetas/cole/2022.2/DLD/lab08/lab05.srcs/constrs_1/new/constraint222.xdc]
WARNING: [Vivado 12-584] No ports matched 'DIS[5]'. [C:/Users/Oscar/Desktop/carpetas/cole/2022.2/DLD/lab08/lab05.srcs/constrs_1/new/constraint222.xdc:1]
CRITICAL WARNING: [Common 17-55] 'set_property' expects at least one object. [C:/Users/Oscar/Desktop/carpetas/cole/2022.2/DLD/lab08/lab05.srcs/constrs_1/new/constraint222.xdc:1]
Resolution: If [get_<value>] was used to populate the object, check to make sure this command returns at least one valid object.
WARNING: [Vivado 12-584] No ports matched 'DIS[4]'. [C:/Users/Oscar/Desktop/carpetas/cole/2022.2/DLD/lab08/lab05.srcs/constrs_1/new/constraint222.xdc:2]
CRITICAL WARNING: [Common 17-55] 'set_property' expects at least one object. [C:/Users/Oscar/Desktop/carpetas/cole/2022.2/DLD/lab08/lab05.srcs/constrs_1/new/constraint222.xdc:2]
Resolution: If [get_<value>] was used to populate the object, check to make sure this command returns at least one valid object.
WARNING: [Vivado 12-584] No ports matched 'DIS[3]'. [C:/Users/Oscar/Desktop/carpetas/cole/2022.2/DLD/lab08/lab05.srcs/constrs_1/new/constraint222.xdc:3]
CRITICAL WARNING: [Common 17-55] 'set_property' expects at least one object. [C:/Users/Oscar/Desktop/carpetas/cole/2022.2/DLD/lab08/lab05.srcs/constrs_1/new/constraint222.xdc:3]
Resolution: If [get_<value>] was used to populate the object, check to make sure this command returns at least one valid object.
WARNING: [Vivado 12-584] No ports matched 'DIS[2]'. [C:/Users/Oscar/Desktop/carpetas/cole/2022.2/DLD/lab08/lab05.srcs/constrs_1/new/constraint222.xdc:4]
CRITICAL WARNING: [Common 17-55] 'set_property' expects at least one object. [C:/Users/Oscar/Desktop/carpetas/cole/2022.2/DLD/lab08/lab05.srcs/constrs_1/new/constraint222.xdc:4]
Resolution: If [get_<value>] was used to populate the object, check to make sure this command returns at least one valid object.
WARNING: [Vivado 12-584] No ports matched 'DIS[1]'. [C:/Users/Oscar/Desktop/carpetas/cole/2022.2/DLD/lab08/lab05.srcs/constrs_1/new/constraint222.xdc:5]
CRITICAL WARNING: [Common 17-55] 'set_property' expects at least one object. [C:/Users/Oscar/Desktop/carpetas/cole/2022.2/DLD/lab08/lab05.srcs/constrs_1/new/constraint222.xdc:5]
Resolution: If [get_<value>] was used to populate the object, check to make sure this command returns at least one valid object.
WARNING: [Vivado 12-584] No ports matched 'DIS[0]'. [C:/Users/Oscar/Desktop/carpetas/cole/2022.2/DLD/lab08/lab05.srcs/constrs_1/new/constraint222.xdc:6]
CRITICAL WARNING: [Common 17-55] 'set_property' expects at least one object. [C:/Users/Oscar/Desktop/carpetas/cole/2022.2/DLD/lab08/lab05.srcs/constrs_1/new/constraint222.xdc:6]
Resolution: If [get_<value>] was used to populate the object, check to make sure this command returns at least one valid object.
WARNING: [Vivado 12-584] No ports matched 'OUTleft[6]'. [C:/Users/Oscar/Desktop/carpetas/cole/2022.2/DLD/lab08/lab05.srcs/constrs_1/new/constraint222.xdc:7]
CRITICAL WARNING: [Common 17-55] 'set_property' expects at least one object. [C:/Users/Oscar/Desktop/carpetas/cole/2022.2/DLD/lab08/lab05.srcs/constrs_1/new/constraint222.xdc:7]
Resolution: If [get_<value>] was used to populate the object, check to make sure this command returns at least one valid object.
WARNING: [Vivado 12-584] No ports matched 'OUTleft[5]'. [C:/Users/Oscar/Desktop/carpetas/cole/2022.2/DLD/lab08/lab05.srcs/constrs_1/new/constraint222.xdc:8]
CRITICAL WARNING: [Common 17-55] 'set_property' expects at least one object. [C:/Users/Oscar/Desktop/carpetas/cole/2022.2/DLD/lab08/lab05.srcs/constrs_1/new/constraint222.xdc:8]
Resolution: If [get_<value>] was used to populate the object, check to make sure this command returns at least one valid object.
WARNING: [Vivado 12-584] No ports matched 'OUTleft[4]'. [C:/Users/Oscar/Desktop/carpetas/cole/2022.2/DLD/lab08/lab05.srcs/constrs_1/new/constraint222.xdc:9]
CRITICAL WARNING: [Common 17-55] 'set_property' expects at least one object. [C:/Users/Oscar/Desktop/carpetas/cole/2022.2/DLD/lab08/lab05.srcs/constrs_1/new/constraint222.xdc:9]
Resolution: If [get_<value>] was used to populate the object, check to make sure this command returns at least one valid object.
WARNING: [Vivado 12-584] No ports matched 'OUTleft[3]'. [C:/Users/Oscar/Desktop/carpetas/cole/2022.2/DLD/lab08/lab05.srcs/constrs_1/new/constraint222.xdc:10]
CRITICAL WARNING: [Common 17-55] 'set_property' expects at least one object. [C:/Users/Oscar/Desktop/carpetas/cole/2022.2/DLD/lab08/lab05.srcs/constrs_1/new/constraint222.xdc:10]
Resolution: If [get_<value>] was used to populate the object, check to make sure this command returns at least one valid object.
WARNING: [Vivado 12-584] No ports matched 'OUTleft[2]'. [C:/Users/Oscar/Desktop/carpetas/cole/2022.2/DLD/lab08/lab05.srcs/constrs_1/new/constraint222.xdc:11]
CRITICAL WARNING: [Common 17-55] 'set_property' expects at least one object. [C:/Users/Oscar/Desktop/carpetas/cole/2022.2/DLD/lab08/lab05.srcs/constrs_1/new/constraint222.xdc:11]
Resolution: If [get_<value>] was used to populate the object, check to make sure this command returns at least one valid object.
WARNING: [Vivado 12-584] No ports matched 'OUTleft[1]'. [C:/Users/Oscar/Desktop/carpetas/cole/2022.2/DLD/lab08/lab05.srcs/constrs_1/new/constraint222.xdc:12]
CRITICAL WARNING: [Common 17-55] 'set_property' expects at least one object. [C:/Users/Oscar/Desktop/carpetas/cole/2022.2/DLD/lab08/lab05.srcs/constrs_1/new/constraint222.xdc:12]
Resolution: If [get_<value>] was used to populate the object, check to make sure this command returns at least one valid object.
WARNING: [Vivado 12-584] No ports matched 'OUTleft[0]'. [C:/Users/Oscar/Desktop/carpetas/cole/2022.2/DLD/lab08/lab05.srcs/constrs_1/new/constraint222.xdc:13]
CRITICAL WARNING: [Common 17-55] 'set_property' expects at least one object. [C:/Users/Oscar/Desktop/carpetas/cole/2022.2/DLD/lab08/lab05.srcs/constrs_1/new/constraint222.xdc:13]
Resolution: If [get_<value>] was used to populate the object, check to make sure this command returns at least one valid object.
WARNING: [Vivado 12-584] No ports matched 'OUTright[6]'. [C:/Users/Oscar/Desktop/carpetas/cole/2022.2/DLD/lab08/lab05.srcs/constrs_1/new/constraint222.xdc:14]
CRITICAL WARNING: [Common 17-55] 'set_property' expects at least one object. [C:/Users/Oscar/Desktop/carpetas/cole/2022.2/DLD/lab08/lab05.srcs/constrs_1/new/constraint222.xdc:14]
Resolution: If [get_<value>] was used to populate the object, check to make sure this command returns at least one valid object.
WARNING: [Vivado 12-584] No ports matched 'OUTright[5]'. [C:/Users/Oscar/Desktop/carpetas/cole/2022.2/DLD/lab08/lab05.srcs/constrs_1/new/constraint222.xdc:15]
CRITICAL WARNING: [Common 17-55] 'set_property' expects at least one object. [C:/Users/Oscar/Desktop/carpetas/cole/2022.2/DLD/lab08/lab05.srcs/constrs_1/new/constraint222.xdc:15]
Resolution: If [get_<value>] was used to populate the object, check to make sure this command returns at least one valid object.
WARNING: [Vivado 12-584] No ports matched 'OUTright[4]'. [C:/Users/Oscar/Desktop/carpetas/cole/2022.2/DLD/lab08/lab05.srcs/constrs_1/new/constraint222.xdc:16]
CRITICAL WARNING: [Common 17-55] 'set_property' expects at least one object. [C:/Users/Oscar/Desktop/carpetas/cole/2022.2/DLD/lab08/lab05.srcs/constrs_1/new/constraint222.xdc:16]
Resolution: If [get_<value>] was used to populate the object, check to make sure this command returns at least one valid object.
WARNING: [Vivado 12-584] No ports matched 'OUTright[3]'. [C:/Users/Oscar/Desktop/carpetas/cole/2022.2/DLD/lab08/lab05.srcs/constrs_1/new/constraint222.xdc:17]
CRITICAL WARNING: [Common 17-55] 'set_property' expects at least one object. [C:/Users/Oscar/Desktop/carpetas/cole/2022.2/DLD/lab08/lab05.srcs/constrs_1/new/constraint222.xdc:17]
Resolution: If [get_<value>] was used to populate the object, check to make sure this command returns at least one valid object.
WARNING: [Vivado 12-584] No ports matched 'OUTright[2]'. [C:/Users/Oscar/Desktop/carpetas/cole/2022.2/DLD/lab08/lab05.srcs/constrs_1/new/constraint222.xdc:18]
CRITICAL WARNING: [Common 17-55] 'set_property' expects at least one object. [C:/Users/Oscar/Desktop/carpetas/cole/2022.2/DLD/lab08/lab05.srcs/constrs_1/new/constraint222.xdc:18]
Resolution: If [get_<value>] was used to populate the object, check to make sure this command returns at least one valid object.
WARNING: [Vivado 12-584] No ports matched 'OUTright[1]'. [C:/Users/Oscar/Desktop/carpetas/cole/2022.2/DLD/lab08/lab05.srcs/constrs_1/new/constraint222.xdc:19]
CRITICAL WARNING: [Common 17-55] 'set_property' expects at least one object. [C:/Users/Oscar/Desktop/carpetas/cole/2022.2/DLD/lab08/lab05.srcs/constrs_1/new/constraint222.xdc:19]
Resolution: If [get_<value>] was used to populate the object, check to make sure this command returns at least one valid object.
WARNING: [Vivado 12-584] No ports matched 'OUTright[0]'. [C:/Users/Oscar/Desktop/carpetas/cole/2022.2/DLD/lab08/lab05.srcs/constrs_1/new/constraint222.xdc:20]
CRITICAL WARNING: [Common 17-55] 'set_property' expects at least one object. [C:/Users/Oscar/Desktop/carpetas/cole/2022.2/DLD/lab08/lab05.srcs/constrs_1/new/constraint222.xdc:20]
Resolution: If [get_<value>] was used to populate the object, check to make sure this command returns at least one valid object.
WARNING: [Vivado 12-584] No ports matched 'Spause'. [C:/Users/Oscar/Desktop/carpetas/cole/2022.2/DLD/lab08/lab05.srcs/constrs_1/new/constraint222.xdc:23]
CRITICAL WARNING: [Common 17-55] 'set_property' expects at least one object. [C:/Users/Oscar/Desktop/carpetas/cole/2022.2/DLD/lab08/lab05.srcs/constrs_1/new/constraint222.xdc:23]
Resolution: If [get_<value>] was used to populate the object, check to make sure this command returns at least one valid object.
WARNING: [Vivado 12-584] No ports matched 'Spause'. [C:/Users/Oscar/Desktop/carpetas/cole/2022.2/DLD/lab08/lab05.srcs/constrs_1/new/constraint222.xdc:26]
CRITICAL WARNING: [Common 17-55] 'set_property' expects at least one object. [C:/Users/Oscar/Desktop/carpetas/cole/2022.2/DLD/lab08/lab05.srcs/constrs_1/new/constraint222.xdc:26]
Resolution: If [get_<value>] was used to populate the object, check to make sure this command returns at least one valid object.
WARNING: [Vivado 12-584] No ports matched 'DIS[5]'. [C:/Users/Oscar/Desktop/carpetas/cole/2022.2/DLD/lab08/lab05.srcs/constrs_1/new/constraint222.xdc:27]
CRITICAL WARNING: [Common 17-55] 'set_property' expects at least one object. [C:/Users/Oscar/Desktop/carpetas/cole/2022.2/DLD/lab08/lab05.srcs/constrs_1/new/constraint222.xdc:27]
Resolution: If [get_<value>] was used to populate the object, check to make sure this command returns at least one valid object.
WARNING: [Vivado 12-584] No ports matched 'DIS[4]'. [C:/Users/Oscar/Desktop/carpetas/cole/2022.2/DLD/lab08/lab05.srcs/constrs_1/new/constraint222.xdc:28]
CRITICAL WARNING: [Common 17-55] 'set_property' expects at least one object. [C:/Users/Oscar/Desktop/carpetas/cole/2022.2/DLD/lab08/lab05.srcs/constrs_1/new/constraint222.xdc:28]
Resolution: If [get_<value>] was used to populate the object, check to make sure this command returns at least one valid object.
WARNING: [Vivado 12-584] No ports matched 'DIS[3]'. [C:/Users/Oscar/Desktop/carpetas/cole/2022.2/DLD/lab08/lab05.srcs/constrs_1/new/constraint222.xdc:29]
CRITICAL WARNING: [Common 17-55] 'set_property' expects at least one object. [C:/Users/Oscar/Desktop/carpetas/cole/2022.2/DLD/lab08/lab05.srcs/constrs_1/new/constraint222.xdc:29]
Resolution: If [get_<value>] was used to populate the object, check to make sure this command returns at least one valid object.
WARNING: [Vivado 12-584] No ports matched 'DIS[2]'. [C:/Users/Oscar/Desktop/carpetas/cole/2022.2/DLD/lab08/lab05.srcs/constrs_1/new/constraint222.xdc:30]
CRITICAL WARNING: [Common 17-55] 'set_property' expects at least one object. [C:/Users/Oscar/Desktop/carpetas/cole/2022.2/DLD/lab08/lab05.srcs/constrs_1/new/constraint222.xdc:30]
Resolution: If [get_<value>] was used to populate the object, check to make sure this command returns at least one valid object.
WARNING: [Vivado 12-584] No ports matched 'DIS[1]'. [C:/Users/Oscar/Desktop/carpetas/cole/2022.2/DLD/lab08/lab05.srcs/constrs_1/new/constraint222.xdc:31]
CRITICAL WARNING: [Common 17-55] 'set_property' expects at least one object. [C:/Users/Oscar/Desktop/carpetas/cole/2022.2/DLD/lab08/lab05.srcs/constrs_1/new/constraint222.xdc:31]
Resolution: If [get_<value>] was used to populate the object, check to make sure this command returns at least one valid object.
WARNING: [Vivado 12-584] No ports matched 'DIS[0]'. [C:/Users/Oscar/Desktop/carpetas/cole/2022.2/DLD/lab08/lab05.srcs/constrs_1/new/constraint222.xdc:32]
CRITICAL WARNING: [Common 17-55] 'set_property' expects at least one object. [C:/Users/Oscar/Desktop/carpetas/cole/2022.2/DLD/lab08/lab05.srcs/constrs_1/new/constraint222.xdc:32]
Resolution: If [get_<value>] was used to populate the object, check to make sure this command returns at least one valid object.
WARNING: [Vivado 12-584] No ports matched 'OUTleft[6]'. [C:/Users/Oscar/Desktop/carpetas/cole/2022.2/DLD/lab08/lab05.srcs/constrs_1/new/constraint222.xdc:33]
CRITICAL WARNING: [Common 17-55] 'set_property' expects at least one object. [C:/Users/Oscar/Desktop/carpetas/cole/2022.2/DLD/lab08/lab05.srcs/constrs_1/new/constraint222.xdc:33]
Resolution: If [get_<value>] was used to populate the object, check to make sure this command returns at least one valid object.
WARNING: [Vivado 12-584] No ports matched 'OUTleft[5]'. [C:/Users/Oscar/Desktop/carpetas/cole/2022.2/DLD/lab08/lab05.srcs/constrs_1/new/constraint222.xdc:34]
CRITICAL WARNING: [Common 17-55] 'set_property' expects at least one object. [C:/Users/Oscar/Desktop/carpetas/cole/2022.2/DLD/lab08/lab05.srcs/constrs_1/new/constraint222.xdc:34]
Resolution: If [get_<value>] was used to populate the object, check to make sure this command returns at least one valid object.
WARNING: [Vivado 12-584] No ports matched 'OUTleft[4]'. [C:/Users/Oscar/Desktop/carpetas/cole/2022.2/DLD/lab08/lab05.srcs/constrs_1/new/constraint222.xdc:35]
CRITICAL WARNING: [Common 17-55] 'set_property' expects at least one object. [C:/Users/Oscar/Desktop/carpetas/cole/2022.2/DLD/lab08/lab05.srcs/constrs_1/new/constraint222.xdc:35]
Resolution: If [get_<value>] was used to populate the object, check to make sure this command returns at least one valid object.
WARNING: [Vivado 12-584] No ports matched 'OUTleft[3]'. [C:/Users/Oscar/Desktop/carpetas/cole/2022.2/DLD/lab08/lab05.srcs/constrs_1/new/constraint222.xdc:36]
CRITICAL WARNING: [Common 17-55] 'set_property' expects at least one object. [C:/Users/Oscar/Desktop/carpetas/cole/2022.2/DLD/lab08/lab05.srcs/constrs_1/new/constraint222.xdc:36]
Resolution: If [get_<value>] was used to populate the object, check to make sure this command returns at least one valid object.
WARNING: [Vivado 12-584] No ports matched 'OUTleft[2]'. [C:/Users/Oscar/Desktop/carpetas/cole/2022.2/DLD/lab08/lab05.srcs/constrs_1/new/constraint222.xdc:37]
CRITICAL WARNING: [Common 17-55] 'set_property' expects at least one object. [C:/Users/Oscar/Desktop/carpetas/cole/2022.2/DLD/lab08/lab05.srcs/constrs_1/new/constraint222.xdc:37]
Resolution: If [get_<value>] was used to populate the object, check to make sure this command returns at least one valid object.
WARNING: [Vivado 12-584] No ports matched 'OUTleft[1]'. [C:/Users/Oscar/Desktop/carpetas/cole/2022.2/DLD/lab08/lab05.srcs/constrs_1/new/constraint222.xdc:38]
CRITICAL WARNING: [Common 17-55] 'set_property' expects at least one object. [C:/Users/Oscar/Desktop/carpetas/cole/2022.2/DLD/lab08/lab05.srcs/constrs_1/new/constraint222.xdc:38]
Resolution: If [get_<value>] was used to populate the object, check to make sure this command returns at least one valid object.
WARNING: [Vivado 12-584] No ports matched 'OUTleft[0]'. [C:/Users/Oscar/Desktop/carpetas/cole/2022.2/DLD/lab08/lab05.srcs/constrs_1/new/constraint222.xdc:39]
CRITICAL WARNING: [Common 17-55] 'set_property' expects at least one object. [C:/Users/Oscar/Desktop/carpetas/cole/2022.2/DLD/lab08/lab05.srcs/constrs_1/new/constraint222.xdc:39]
Resolution: If [get_<value>] was used to populate the object, check to make sure this command returns at least one valid object.
WARNING: [Vivado 12-584] No ports matched 'OUTright[6]'. [C:/Users/Oscar/Desktop/carpetas/cole/2022.2/DLD/lab08/lab05.srcs/constrs_1/new/constraint222.xdc:40]
CRITICAL WARNING: [Common 17-55] 'set_property' expects at least one object. [C:/Users/Oscar/Desktop/carpetas/cole/2022.2/DLD/lab08/lab05.srcs/constrs_1/new/constraint222.xdc:40]
Resolution: If [get_<value>] was used to populate the object, check to make sure this command returns at least one valid object.
WARNING: [Vivado 12-584] No ports matched 'OUTright[5]'. [C:/Users/Oscar/Desktop/carpetas/cole/2022.2/DLD/lab08/lab05.srcs/constrs_1/new/constraint222.xdc:41]
CRITICAL WARNING: [Common 17-55] 'set_property' expects at least one object. [C:/Users/Oscar/Desktop/carpetas/cole/2022.2/DLD/lab08/lab05.srcs/constrs_1/new/constraint222.xdc:41]
Resolution: If [get_<value>] was used to populate the object, check to make sure this command returns at least one valid object.
WARNING: [Vivado 12-584] No ports matched 'OUTright[4]'. [C:/Users/Oscar/Desktop/carpetas/cole/2022.2/DLD/lab08/lab05.srcs/constrs_1/new/constraint222.xdc:42]
CRITICAL WARNING: [Common 17-55] 'set_property' expects at least one object. [C:/Users/Oscar/Desktop/carpetas/cole/2022.2/DLD/lab08/lab05.srcs/constrs_1/new/constraint222.xdc:42]
Resolution: If [get_<value>] was used to populate the object, check to make sure this command returns at least one valid object.
WARNING: [Vivado 12-584] No ports matched 'OUTright[3]'. [C:/Users/Oscar/Desktop/carpetas/cole/2022.2/DLD/lab08/lab05.srcs/constrs_1/new/constraint222.xdc:43]
CRITICAL WARNING: [Common 17-55] 'set_property' expects at least one object. [C:/Users/Oscar/Desktop/carpetas/cole/2022.2/DLD/lab08/lab05.srcs/constrs_1/new/constraint222.xdc:43]
Resolution: If [get_<value>] was used to populate the object, check to make sure this command returns at least one valid object.
WARNING: [Vivado 12-584] No ports matched 'OUTright[2]'. [C:/Users/Oscar/Desktop/carpetas/cole/2022.2/DLD/lab08/lab05.srcs/constrs_1/new/constraint222.xdc:44]
CRITICAL WARNING: [Common 17-55] 'set_property' expects at least one object. [C:/Users/Oscar/Desktop/carpetas/cole/2022.2/DLD/lab08/lab05.srcs/constrs_1/new/constraint222.xdc:44]
Resolution: If [get_<value>] was used to populate the object, check to make sure this command returns at least one valid object.
WARNING: [Vivado 12-584] No ports matched 'OUTright[1]'. [C:/Users/Oscar/Desktop/carpetas/cole/2022.2/DLD/lab08/lab05.srcs/constrs_1/new/constraint222.xdc:45]
CRITICAL WARNING: [Common 17-55] 'set_property' expects at least one object. [C:/Users/Oscar/Desktop/carpetas/cole/2022.2/DLD/lab08/lab05.srcs/constrs_1/new/constraint222.xdc:45]
Resolution: If [get_<value>] was used to populate the object, check to make sure this command returns at least one valid object.
WARNING: [Vivado 12-584] No ports matched 'OUTright[0]'. [C:/Users/Oscar/Desktop/carpetas/cole/2022.2/DLD/lab08/lab05.srcs/constrs_1/new/constraint222.xdc:46]
CRITICAL WARNING: [Common 17-55] 'set_property' expects at least one object. [C:/Users/Oscar/Desktop/carpetas/cole/2022.2/DLD/lab08/lab05.srcs/constrs_1/new/constraint222.xdc:46]
Resolution: If [get_<value>] was used to populate the object, check to make sure this command returns at least one valid object.
WARNING: [Vivado 12-584] No ports matched 'Sfreq'. [C:/Users/Oscar/Desktop/carpetas/cole/2022.2/DLD/lab08/lab05.srcs/constrs_1/new/constraint222.xdc:48]
CRITICAL WARNING: [Common 17-55] 'set_property' expects at least one object. [C:/Users/Oscar/Desktop/carpetas/cole/2022.2/DLD/lab08/lab05.srcs/constrs_1/new/constraint222.xdc:48]
Resolution: If [get_<value>] was used to populate the object, check to make sure this command returns at least one valid object.
WARNING: [Vivado 12-584] No ports matched 'Sfreq'. [C:/Users/Oscar/Desktop/carpetas/cole/2022.2/DLD/lab08/lab05.srcs/constrs_1/new/constraint222.xdc:49]
CRITICAL WARNING: [Common 17-55] 'set_property' expects at least one object. [C:/Users/Oscar/Desktop/carpetas/cole/2022.2/DLD/lab08/lab05.srcs/constrs_1/new/constraint222.xdc:49]
Resolution: If [get_<value>] was used to populate the object, check to make sure this command returns at least one valid object.
WARNING: [Vivado 12-584] No ports matched 'BplusSec'. [C:/Users/Oscar/Desktop/carpetas/cole/2022.2/DLD/lab08/lab05.srcs/constrs_1/new/constraint222.xdc:50]
CRITICAL WARNING: [Common 17-55] 'set_property' expects at least one object. [C:/Users/Oscar/Desktop/carpetas/cole/2022.2/DLD/lab08/lab05.srcs/constrs_1/new/constraint222.xdc:50]
Resolution: If [get_<value>] was used to populate the object, check to make sure this command returns at least one valid object.
WARNING: [Vivado 12-584] No ports matched 'BplusMin'. [C:/Users/Oscar/Desktop/carpetas/cole/2022.2/DLD/lab08/lab05.srcs/constrs_1/new/constraint222.xdc:51]
CRITICAL WARNING: [Common 17-55] 'set_property' expects at least one object. [C:/Users/Oscar/Desktop/carpetas/cole/2022.2/DLD/lab08/lab05.srcs/constrs_1/new/constraint222.xdc:51]
Resolution: If [get_<value>] was used to populate the object, check to make sure this command returns at least one valid object.
WARNING: [Vivado 12-584] No ports matched 'BplusHour'. [C:/Users/Oscar/Desktop/carpetas/cole/2022.2/DLD/lab08/lab05.srcs/constrs_1/new/constraint222.xdc:52]
CRITICAL WARNING: [Common 17-55] 'set_property' expects at least one object. [C:/Users/Oscar/Desktop/carpetas/cole/2022.2/DLD/lab08/lab05.srcs/constrs_1/new/constraint222.xdc:52]
Resolution: If [get_<value>] was used to populate the object, check to make sure this command returns at least one valid object.
WARNING: [Vivado 12-584] No ports matched 'BplusSec'. [C:/Users/Oscar/Desktop/carpetas/cole/2022.2/DLD/lab08/lab05.srcs/constrs_1/new/constraint222.xdc:53]
CRITICAL WARNING: [Common 17-55] 'set_property' expects at least one object. [C:/Users/Oscar/Desktop/carpetas/cole/2022.2/DLD/lab08/lab05.srcs/constrs_1/new/constraint222.xdc:53]
Resolution: If [get_<value>] was used to populate the object, check to make sure this command returns at least one valid object.
WARNING: [Vivado 12-584] No ports matched 'BplusMin'. [C:/Users/Oscar/Desktop/carpetas/cole/2022.2/DLD/lab08/lab05.srcs/constrs_1/new/constraint222.xdc:54]
CRITICAL WARNING: [Common 17-55] 'set_property' expects at least one object. [C:/Users/Oscar/Desktop/carpetas/cole/2022.2/DLD/lab08/lab05.srcs/constrs_1/new/constraint222.xdc:54]
Resolution: If [get_<value>] was used to populate the object, check to make sure this command returns at least one valid object.
WARNING: [Vivado 12-584] No ports matched 'BplusHour'. [C:/Users/Oscar/Desktop/carpetas/cole/2022.2/DLD/lab08/lab05.srcs/constrs_1/new/constraint222.xdc:55]
CRITICAL WARNING: [Common 17-55] 'set_property' expects at least one object. [C:/Users/Oscar/Desktop/carpetas/cole/2022.2/DLD/lab08/lab05.srcs/constrs_1/new/constraint222.xdc:55]
Resolution: If [get_<value>] was used to populate the object, check to make sure this command returns at least one valid object.
WARNING: [Vivado 12-584] No ports matched 'control'. [C:/Users/Oscar/Desktop/carpetas/cole/2022.2/DLD/lab08/lab05.srcs/constrs_1/new/constraint222.xdc:58]
CRITICAL WARNING: [Common 17-55] 'set_property' expects at least one object. [C:/Users/Oscar/Desktop/carpetas/cole/2022.2/DLD/lab08/lab05.srcs/constrs_1/new/constraint222.xdc:58]
Resolution: If [get_<value>] was used to populate the object, check to make sure this command returns at least one valid object.
WARNING: [Vivado 12-584] No ports matched 'plus'. [C:/Users/Oscar/Desktop/carpetas/cole/2022.2/DLD/lab08/lab05.srcs/constrs_1/new/constraint222.xdc:59]
CRITICAL WARNING: [Common 17-55] 'set_property' expects at least one object. [C:/Users/Oscar/Desktop/carpetas/cole/2022.2/DLD/lab08/lab05.srcs/constrs_1/new/constraint222.xdc:59]
Resolution: If [get_<value>] was used to populate the object, check to make sure this command returns at least one valid object.
WARNING: [Vivado 12-584] No ports matched 'control'. [C:/Users/Oscar/Desktop/carpetas/cole/2022.2/DLD/lab08/lab05.srcs/constrs_1/new/constraint222.xdc:60]
CRITICAL WARNING: [Common 17-55] 'set_property' expects at least one object. [C:/Users/Oscar/Desktop/carpetas/cole/2022.2/DLD/lab08/lab05.srcs/constrs_1/new/constraint222.xdc:60]
Resolution: If [get_<value>] was used to populate the object, check to make sure this command returns at least one valid object.
WARNING: [Vivado 12-584] No ports matched 'plus'. [C:/Users/Oscar/Desktop/carpetas/cole/2022.2/DLD/lab08/lab05.srcs/constrs_1/new/constraint222.xdc:61]
CRITICAL WARNING: [Common 17-55] 'set_property' expects at least one object. [C:/Users/Oscar/Desktop/carpetas/cole/2022.2/DLD/lab08/lab05.srcs/constrs_1/new/constraint222.xdc:61]
Resolution: If [get_<value>] was used to populate the object, check to make sure this command returns at least one valid object.
WARNING: [Vivado 12-584] No ports matched 'dot'. [C:/Users/Oscar/Desktop/carpetas/cole/2022.2/DLD/lab08/lab05.srcs/constrs_1/new/constraint222.xdc:63]
CRITICAL WARNING: [Common 17-55] 'set_property' expects at least one object. [C:/Users/Oscar/Desktop/carpetas/cole/2022.2/DLD/lab08/lab05.srcs/constrs_1/new/constraint222.xdc:63]
Resolution: If [get_<value>] was used to populate the object, check to make sure this command returns at least one valid object.
WARNING: [Vivado 12-584] No ports matched 'dot'. [C:/Users/Oscar/Desktop/carpetas/cole/2022.2/DLD/lab08/lab05.srcs/constrs_1/new/constraint222.xdc:64]
CRITICAL WARNING: [Common 17-55] 'set_property' expects at least one object. [C:/Users/Oscar/Desktop/carpetas/cole/2022.2/DLD/lab08/lab05.srcs/constrs_1/new/constraint222.xdc:64]
Resolution: If [get_<value>] was used to populate the object, check to make sure this command returns at least one valid object.
Finished Parsing XDC File [C:/Users/Oscar/Desktop/carpetas/cole/2022.2/DLD/lab08/lab05.srcs/constrs_1/new/constraint222.xdc]
INFO: [Opt 31-138] Pushed 0 inverter(s) to 0 load pin(s).
Netlist sorting complete. Time (s): cpu = 00:00:00 ; elapsed = 00:00:00 . Memory (MB): peak = 1445.410 ; gain = 0.000
INFO: [Project 1-111] Unisim Transformation Summary:
No Unisim elements were transformed.

open_run: Time (s): cpu = 00:00:06 ; elapsed = 00:00:06 . Memory (MB): peak = 1509.934 ; gain = 64.523
set_property IOSTANDARD LVCMOS33 [get_ports [list {input_dividend[3]} {input_dividend[2]} {input_dividend[1]} {input_dividend[0]}]]
set_property IOSTANDARD LVCMOS33 [get_ports [list {input_divisor[3]} {input_divisor[2]} {input_divisor[1]} {input_divisor[0]}]]
set_property IOSTANDARD LVCMOS33 [get_ports [list {quotient[3]} {quotient[2]} {quotient[1]} {quotient[0]}]]
set_property IOSTANDARD LVCMOS33 [get_ports [list {remainder[3]} {remainder[2]} {remainder[1]} {remainder[0]}]]
set_property IOSTANDARD PCI33_3 [get_ports [list button]]
set_property IOSTANDARD LVCMOS33 [get_ports [list button]]
set_property IOSTANDARD LVCMOS33 [get_ports [list error]]
place_ports error H5
place_ports button R11
place_ports {input_dividend[3]} P5
place_ports {input_dividend[2]} P4
place_ports {input_dividend[1]} P3
place_ports {input_dividend[0]} P2
place_ports {input_divisor[3]} R2
place_ports {input_divisor[2]} M4
place_ports {input_divisor[1]} N4
place_ports {input_divisor[0]} R1
place_ports {quotient[3]} F6
place_ports {quotient[2]} G4
place_ports {quotient[1]} G3
place_ports {quotient[0]} J4
place_ports {remainder[3]} H4
place_ports {remainder[2]} J3
place_ports {remainder[1]} J2
place_ports {remainder[0]} K2
save_constraints
export_ip_user_files -of_objects  [get_files C:/Users/Oscar/Desktop/carpetas/cole/2022.2/DLD/lab08/lab05.srcs/constrs_1/new/constraint222.xdc] -no_script -reset -force -quiet
remove_files  -fileset constrs_1 C:/Users/Oscar/Desktop/carpetas/cole/2022.2/DLD/lab08/lab05.srcs/constrs_1/new/constraint222.xdc
reset_run synth_1
WARNING: [Vivado 12-1017] Problems encountered:
1. Failed to delete one or more files in run directory C:/Users/Oscar/Desktop/carpetas/cole/2022.2/DLD/lab08/lab05.runs/synth_1

launch_runs synth_1 -jobs 6
[Fri Dec  9 15:40:38 2022] Launched synth_1...
Run output will be captured here: C:/Users/Oscar/Desktop/carpetas/cole/2022.2/DLD/lab08/lab05.runs/synth_1/runme.log
close_design
open_run synth_1 -name synth_1
Design is defaulting to impl run constrset: constrs_1
Design is defaulting to synth run part: xc7a35tcsg324-1
Netlist sorting complete. Time (s): cpu = 00:00:00 ; elapsed = 00:00:00.001 . Memory (MB): peak = 2000.395 ; gain = 0.000
INFO: [Netlist 29-17] Analyzing 5 Unisim elements for replacement
INFO: [Netlist 29-28] Unisim Transformation completed in 0 CPU seconds
INFO: [Project 1-479] Netlist was created with Vivado 2021.1
INFO: [Project 1-570] Preparing netlist for logic optimization
INFO: [Opt 31-138] Pushed 0 inverter(s) to 0 load pin(s).
Netlist sorting complete. Time (s): cpu = 00:00:00 ; elapsed = 00:00:00.001 . Memory (MB): peak = 2000.395 ; gain = 0.000
INFO: [Project 1-111] Unisim Transformation Summary:
No Unisim elements were transformed.

set_property IOSTANDARD LVCMOS33 [get_ports [list {input_dividend[3]} {input_dividend[2]} {input_dividend[1]} {input_dividend[0]}]]
set_property IOSTANDARD LVCMOS33 [get_ports [list {input_divisor[3]} {input_divisor[2]} {input_divisor[1]} {input_divisor[0]}]]
set_property IOSTANDARD LVCMOS33 [get_ports [list {quotient[3]} {quotient[2]} {quotient[1]} {quotient[0]}]]
set_property IOSTANDARD LVCMOS33 [get_ports [list {remainder[3]} {remainder[2]} {remainder[1]} {remainder[0]}]]
set_property IOSTANDARD LVCMOS33 [get_ports [list button]]
set_property IOSTANDARD LVCMOS33 [get_ports [list CLK]]
set_property IOSTANDARD LVCMOS33 [get_ports [list error]]
set_property IOSTANDARD LVCMOS33 [get_ports [list reset]]
place_ports button R11
place_ports CLK P17
place_ports error H5
place_ports reset R17
place_ports {input_dividend[3]} P5
place_ports {input_dividend[2]} P4
place_ports {input_dividend[1]} P3
place_ports {input_dividend[0]} P2
place_ports {input_divisor[3]} R2
place_ports {input_divisor[2]} M4
place_ports {input_divisor[1]} N4
place_ports {input_divisor[0]} R1
place_ports {quotient[3]} F6
place_ports {quotient[2]} G4
place_ports {quotient[1]} G3
place_ports {quotient[0]} J4
place_ports {remainder[3]} H4
place_ports {remainder[2]} J3
place_ports {remainder[1]} J2
place_ports {remainder[0]} K2
close [ open C:/Users/Oscar/Desktop/carpetas/cole/2022.2/DLD/lab08/lab05.srcs/constrs_1/new/constraint_divider.xdc w ]
add_files -fileset constrs_1 C:/Users/Oscar/Desktop/carpetas/cole/2022.2/DLD/lab08/lab05.srcs/constrs_1/new/constraint_divider.xdc
set_property target_constrs_file C:/Users/Oscar/Desktop/carpetas/cole/2022.2/DLD/lab08/lab05.srcs/constrs_1/new/constraint_divider.xdc [current_fileset -constrset]
save_constraints -force
reset_run synth_1
WARNING: [Vivado 12-1017] Problems encountered:
1. Failed to delete one or more files in run directory C:/Users/Oscar/Desktop/carpetas/cole/2022.2/DLD/lab08/lab05.runs/synth_1

launch_runs synth_1 -jobs 6
[Fri Dec  9 15:43:29 2022] Launched synth_1...
Run output will be captured here: C:/Users/Oscar/Desktop/carpetas/cole/2022.2/DLD/lab08/lab05.runs/synth_1/runme.log
launch_runs impl_1 -jobs 6
WARNING: [Project 1-478] Design 'synth_1' is stale and will not be used when launching 'impl_1'
[Fri Dec  9 15:44:09 2022] Launched impl_1...
Run output will be captured here: C:/Users/Oscar/Desktop/carpetas/cole/2022.2/DLD/lab08/lab05.runs/impl_1/runme.log
launch_runs impl_1 -to_step write_bitstream -jobs 6
[Fri Dec  9 15:44:57 2022] Launched impl_1...
Run output will be captured here: C:/Users/Oscar/Desktop/carpetas/cole/2022.2/DLD/lab08/lab05.runs/impl_1/runme.log
open_hw_manager
connect_hw_server -allow_non_jtag
INFO: [Labtools 27-2285] Connecting to hw_server url TCP:localhost:3121
INFO: [Labtools 27-2222] Launching hw_server...
INFO: [Labtools 27-2221] Launch Output:

****** Xilinx hw_server v2021.1
  **** Build date : Jun 10 2021 at 20:17:23
    ** Copyright 1986-2021 Xilinx, Inc. All Rights Reserved.


INFO: [Labtools 27-3415] Connecting to cs_server url TCP:localhost:3042
INFO: [Labtools 27-3417] Launching cs_server...
INFO: [Labtools 27-2221] Launch Output:


******** Xilinx cs_server v2021.1
  ****** Build date   : May 27 2021-01:32:33
    **** Build number : 2021.1.1622050353
      ** Copyright 2017-2022 Xilinx, Inc. All Rights Reserved.



connect_hw_server: Time (s): cpu = 00:00:01 ; elapsed = 00:00:07 . Memory (MB): peak = 2063.348 ; gain = 4.684
open_hw_target
INFO: [Labtoolstcl 44-466] Opening hw_target localhost:3121/xilinx_tcf/Xilinx/1234-tulA
set_property PROGRAM.FILE {C:/Users/Oscar/Desktop/carpetas/cole/2022.2/DLD/lab08/lab05.runs/impl_1/task1.bit} [get_hw_devices xc7a35t_0]
current_hw_device [get_hw_devices xc7a35t_0]
refresh_hw_device -update_hw_probes false [lindex [get_hw_devices xc7a35t_0] 0]
INFO: [Labtools 27-1434] Device xc7a35t (JTAG device index = 0) is programmed with a design that has no supported debug core(s) in it.
set_property PROBES.FILE {} [get_hw_devices xc7a35t_0]
set_property FULL_PROBES.FILE {} [get_hw_devices xc7a35t_0]
set_property PROGRAM.FILE {C:/Users/Oscar/Desktop/carpetas/cole/2022.2/DLD/lab08/lab05.runs/impl_1/task1.bit} [get_hw_devices xc7a35t_0]
program_hw_devices [get_hw_devices xc7a35t_0]
INFO: [Labtools 27-3164] End of startup status: HIGH
refresh_hw_device [lindex [get_hw_devices xc7a35t_0] 0]
INFO: [Labtools 27-1434] Device xc7a35t (JTAG device index = 0) is programmed with a design that has no supported debug core(s) in it.
reset_run synth_1
WARNING: [Vivado 12-1017] Problems encountered:
1. Failed to delete one or more files in run directory C:/Users/Oscar/Desktop/carpetas/cole/2022.2/DLD/lab08/lab05.runs/synth_1

launch_runs synth_1 -jobs 6
[Fri Dec  9 15:46:49 2022] Launched synth_1...
Run output will be captured here: C:/Users/Oscar/Desktop/carpetas/cole/2022.2/DLD/lab08/lab05.runs/synth_1/runme.log
launch_runs impl_1 -jobs 6
WARNING: [Project 1-478] Design 'synth_1' is stale and will not be used when launching 'impl_1'
[Fri Dec  9 15:47:35 2022] Launched impl_1...
Run output will be captured here: C:/Users/Oscar/Desktop/carpetas/cole/2022.2/DLD/lab08/lab05.runs/impl_1/runme.log
launch_runs impl_1 -to_step write_bitstream -jobs 6
[Fri Dec  9 15:48:19 2022] Launched impl_1...
Run output will be captured here: C:/Users/Oscar/Desktop/carpetas/cole/2022.2/DLD/lab08/lab05.runs/impl_1/runme.log
set_property PROBES.FILE {} [get_hw_devices xc7a35t_0]
set_property FULL_PROBES.FILE {} [get_hw_devices xc7a35t_0]
set_property PROGRAM.FILE {C:/Users/Oscar/Desktop/carpetas/cole/2022.2/DLD/lab08/lab05.runs/impl_1/task1.bit} [get_hw_devices xc7a35t_0]
program_hw_devices [get_hw_devices xc7a35t_0]
INFO: [Labtools 27-3164] End of startup status: HIGH
refresh_hw_device [lindex [get_hw_devices xc7a35t_0] 0]
INFO: [Labtools 27-1434] Device xc7a35t (JTAG device index = 0) is programmed with a design that has no supported debug core(s) in it.
reset_run synth_1
WARNING: [Vivado 12-1017] Problems encountered:
1. Failed to delete one or more files in run directory C:/Users/Oscar/Desktop/carpetas/cole/2022.2/DLD/lab08/lab05.runs/synth_1

launch_runs synth_1 -jobs 6
[Fri Dec  9 15:51:57 2022] Launched synth_1...
Run output will be captured here: C:/Users/Oscar/Desktop/carpetas/cole/2022.2/DLD/lab08/lab05.runs/synth_1/runme.log
launch_runs impl_1 -jobs 6
WARNING: [Project 1-478] Design 'synth_1' is stale and will not be used when launching 'impl_1'
[Fri Dec  9 15:52:43 2022] Launched impl_1...
Run output will be captured here: C:/Users/Oscar/Desktop/carpetas/cole/2022.2/DLD/lab08/lab05.runs/impl_1/runme.log
reset_run synth_1
WARNING: [Vivado 12-1017] Problems encountered:
1. Failed to delete one or more files in run directory C:/Users/Oscar/Desktop/carpetas/cole/2022.2/DLD/lab08/lab05.runs/synth_1

launch_runs synth_1 -jobs 6
[Fri Dec  9 15:53:44 2022] Launched synth_1...
Run output will be captured here: C:/Users/Oscar/Desktop/carpetas/cole/2022.2/DLD/lab08/lab05.runs/synth_1/runme.log
launch_runs impl_1 -jobs 6
WARNING: [Project 1-478] Design 'synth_1' is stale and will not be used when launching 'impl_1'
[Fri Dec  9 15:54:22 2022] Launched impl_1...
Run output will be captured here: C:/Users/Oscar/Desktop/carpetas/cole/2022.2/DLD/lab08/lab05.runs/impl_1/runme.log
launch_runs impl_1 -to_step write_bitstream -jobs 6
[Fri Dec  9 15:55:22 2022] Launched impl_1...
Run output will be captured here: C:/Users/Oscar/Desktop/carpetas/cole/2022.2/DLD/lab08/lab05.runs/impl_1/runme.log
set_property PROBES.FILE {} [get_hw_devices xc7a35t_0]
set_property FULL_PROBES.FILE {} [get_hw_devices xc7a35t_0]
set_property PROGRAM.FILE {C:/Users/Oscar/Desktop/carpetas/cole/2022.2/DLD/lab08/lab05.runs/impl_1/task1.bit} [get_hw_devices xc7a35t_0]
program_hw_devices [get_hw_devices xc7a35t_0]
INFO: [Labtools 27-3164] End of startup status: HIGH
refresh_hw_device [lindex [get_hw_devices xc7a35t_0] 0]
INFO: [Labtools 27-1434] Device xc7a35t (JTAG device index = 0) is programmed with a design that has no supported debug core(s) in it.
reset_run synth_1
WARNING: [Vivado 12-1017] Problems encountered:
1. Failed to delete one or more files in run directory C:/Users/Oscar/Desktop/carpetas/cole/2022.2/DLD/lab08/lab05.runs/synth_1

launch_runs synth_1 -jobs 6
[Fri Dec  9 15:56:57 2022] Launched synth_1...
Run output will be captured here: C:/Users/Oscar/Desktop/carpetas/cole/2022.2/DLD/lab08/lab05.runs/synth_1/runme.log
launch_runs impl_1 -jobs 6
WARNING: [Project 1-478] Design 'synth_1' is stale and will not be used when launching 'impl_1'
[Fri Dec  9 15:57:35 2022] Launched impl_1...
Run output will be captured here: C:/Users/Oscar/Desktop/carpetas/cole/2022.2/DLD/lab08/lab05.runs/impl_1/runme.log
launch_runs impl_1 -to_step write_bitstream -jobs 6
[Fri Dec  9 15:58:47 2022] Launched impl_1...
Run output will be captured here: C:/Users/Oscar/Desktop/carpetas/cole/2022.2/DLD/lab08/lab05.runs/impl_1/runme.log
set_property PROBES.FILE {} [get_hw_devices xc7a35t_0]
set_property FULL_PROBES.FILE {} [get_hw_devices xc7a35t_0]
set_property PROGRAM.FILE {C:/Users/Oscar/Desktop/carpetas/cole/2022.2/DLD/lab08/lab05.runs/impl_1/task1.bit} [get_hw_devices xc7a35t_0]
program_hw_devices [get_hw_devices xc7a35t_0]
INFO: [Labtools 27-3164] End of startup status: HIGH
refresh_hw_device [lindex [get_hw_devices xc7a35t_0] 0]
INFO: [Labtools 27-1434] Device xc7a35t (JTAG device index = 0) is programmed with a design that has no supported debug core(s) in it.
reset_run synth_1
WARNING: [Vivado 12-1017] Problems encountered:
1. Failed to delete one or more files in run directory C:/Users/Oscar/Desktop/carpetas/cole/2022.2/DLD/lab08/lab05.runs/synth_1

launch_runs synth_1 -jobs 6
[Fri Dec  9 16:01:08 2022] Launched synth_1...
Run output will be captured here: C:/Users/Oscar/Desktop/carpetas/cole/2022.2/DLD/lab08/lab05.runs/synth_1/runme.log
launch_runs impl_1 -jobs 6
WARNING: [Project 1-478] Design 'synth_1' is stale and will not be used when launching 'impl_1'
[Fri Dec  9 16:01:41 2022] Launched impl_1...
Run output will be captured here: C:/Users/Oscar/Desktop/carpetas/cole/2022.2/DLD/lab08/lab05.runs/impl_1/runme.log
launch_runs impl_1 -to_step write_bitstream -jobs 6
[Fri Dec  9 16:02:26 2022] Launched impl_1...
Run output will be captured here: C:/Users/Oscar/Desktop/carpetas/cole/2022.2/DLD/lab08/lab05.runs/impl_1/runme.log
set_property PROBES.FILE {} [get_hw_devices xc7a35t_0]
set_property FULL_PROBES.FILE {} [get_hw_devices xc7a35t_0]
set_property PROGRAM.FILE {C:/Users/Oscar/Desktop/carpetas/cole/2022.2/DLD/lab08/lab05.runs/impl_1/task1.bit} [get_hw_devices xc7a35t_0]
program_hw_devices [get_hw_devices xc7a35t_0]
INFO: [Labtools 27-3164] End of startup status: HIGH
refresh_hw_device [lindex [get_hw_devices xc7a35t_0] 0]
INFO: [Labtools 27-1434] Device xc7a35t (JTAG device index = 0) is programmed with a design that has no supported debug core(s) in it.
reset_run synth_1
WARNING: [Vivado 12-1017] Problems encountered:
1. Failed to delete one or more files in run directory C:/Users/Oscar/Desktop/carpetas/cole/2022.2/DLD/lab08/lab05.runs/synth_1

launch_runs synth_1 -jobs 6
[Fri Dec  9 16:07:42 2022] Launched synth_1...
Run output will be captured here: C:/Users/Oscar/Desktop/carpetas/cole/2022.2/DLD/lab08/lab05.runs/synth_1/runme.log
launch_runs impl_1 -jobs 6
WARNING: [Project 1-478] Design 'synth_1' is stale and will not be used when launching 'impl_1'
[Fri Dec  9 16:08:26 2022] Launched impl_1...
Run output will be captured here: C:/Users/Oscar/Desktop/carpetas/cole/2022.2/DLD/lab08/lab05.runs/impl_1/runme.log
launch_runs impl_1 -to_step write_bitstream -jobs 6
[Fri Dec  9 16:09:20 2022] Launched impl_1...
Run output will be captured here: C:/Users/Oscar/Desktop/carpetas/cole/2022.2/DLD/lab08/lab05.runs/impl_1/runme.log
set_property PROBES.FILE {} [get_hw_devices xc7a35t_0]
set_property FULL_PROBES.FILE {} [get_hw_devices xc7a35t_0]
set_property PROGRAM.FILE {C:/Users/Oscar/Desktop/carpetas/cole/2022.2/DLD/lab08/lab05.runs/impl_1/task1.bit} [get_hw_devices xc7a35t_0]
program_hw_devices [get_hw_devices xc7a35t_0]
INFO: [Labtools 27-3164] End of startup status: HIGH
refresh_hw_device [lindex [get_hw_devices xc7a35t_0] 0]
INFO: [Labtools 27-1434] Device xc7a35t (JTAG device index = 0) is programmed with a design that has no supported debug core(s) in it.
reset_run synth_1
WARNING: [Vivado 12-1017] Problems encountered:
1. Failed to delete one or more files in run directory C:/Users/Oscar/Desktop/carpetas/cole/2022.2/DLD/lab08/lab05.runs/synth_1

launch_runs synth_1 -jobs 6
[Fri Dec  9 16:16:50 2022] Launched synth_1...
Run output will be captured here: C:/Users/Oscar/Desktop/carpetas/cole/2022.2/DLD/lab08/lab05.runs/synth_1/runme.log
reset_run synth_1
WARNING: [Vivado 12-1017] Problems encountered:
1. Failed to delete one or more files in run directory C:/Users/Oscar/Desktop/carpetas/cole/2022.2/DLD/lab08/lab05.runs/synth_1

launch_runs synth_1 -jobs 6
[Fri Dec  9 16:17:47 2022] Launched synth_1...
Run output will be captured here: C:/Users/Oscar/Desktop/carpetas/cole/2022.2/DLD/lab08/lab05.runs/synth_1/runme.log
reset_run synth_1
WARNING: [Vivado 12-1017] Problems encountered:
1. Failed to delete one or more files in run directory C:/Users/Oscar/Desktop/carpetas/cole/2022.2/DLD/lab08/lab05.runs/synth_1

launch_runs synth_1 -jobs 6
[Fri Dec  9 16:18:57 2022] Launched synth_1...
Run output will be captured here: C:/Users/Oscar/Desktop/carpetas/cole/2022.2/DLD/lab08/lab05.runs/synth_1/runme.log
launch_runs impl_1 -jobs 6
WARNING: [Project 1-478] Design 'synth_1' is stale and will not be used when launching 'impl_1'
[Fri Dec  9 16:19:35 2022] Launched impl_1...
Run output will be captured here: C:/Users/Oscar/Desktop/carpetas/cole/2022.2/DLD/lab08/lab05.runs/impl_1/runme.log
launch_runs impl_1 -to_step write_bitstream -jobs 6
[Fri Dec  9 16:20:19 2022] Launched impl_1...
Run output will be captured here: C:/Users/Oscar/Desktop/carpetas/cole/2022.2/DLD/lab08/lab05.runs/impl_1/runme.log
set_property PROBES.FILE {} [get_hw_devices xc7a35t_0]
set_property FULL_PROBES.FILE {} [get_hw_devices xc7a35t_0]
set_property PROGRAM.FILE {C:/Users/Oscar/Desktop/carpetas/cole/2022.2/DLD/lab08/lab05.runs/impl_1/task1.bit} [get_hw_devices xc7a35t_0]
program_hw_devices [get_hw_devices xc7a35t_0]
INFO: [Labtools 27-3164] End of startup status: HIGH
refresh_hw_device [lindex [get_hw_devices xc7a35t_0] 0]
INFO: [Labtools 27-1434] Device xc7a35t (JTAG device index = 0) is programmed with a design that has no supported debug core(s) in it.
reset_run synth_1
WARNING: [Vivado 12-1017] Problems encountered:
1. Failed to delete one or more files in run directory C:/Users/Oscar/Desktop/carpetas/cole/2022.2/DLD/lab08/lab05.runs/synth_1

launch_runs synth_1 -jobs 6
[Fri Dec  9 16:24:19 2022] Launched synth_1...
Run output will be captured here: C:/Users/Oscar/Desktop/carpetas/cole/2022.2/DLD/lab08/lab05.runs/synth_1/runme.log
launch_runs impl_1 -jobs 6
WARNING: [Project 1-478] Design 'synth_1' is stale and will not be used when launching 'impl_1'
[Fri Dec  9 16:25:18 2022] Launched impl_1...
Run output will be captured here: C:/Users/Oscar/Desktop/carpetas/cole/2022.2/DLD/lab08/lab05.runs/impl_1/runme.log
launch_runs impl_1 -to_step write_bitstream -jobs 6
[Fri Dec  9 16:26:00 2022] Launched impl_1...
Run output will be captured here: C:/Users/Oscar/Desktop/carpetas/cole/2022.2/DLD/lab08/lab05.runs/impl_1/runme.log
set_property PROBES.FILE {} [get_hw_devices xc7a35t_0]
set_property FULL_PROBES.FILE {} [get_hw_devices xc7a35t_0]
set_property PROGRAM.FILE {C:/Users/Oscar/Desktop/carpetas/cole/2022.2/DLD/lab08/lab05.runs/impl_1/task1.bit} [get_hw_devices xc7a35t_0]
program_hw_devices [get_hw_devices xc7a35t_0]
INFO: [Labtools 27-3164] End of startup status: HIGH
refresh_hw_device [lindex [get_hw_devices xc7a35t_0] 0]
INFO: [Labtools 27-1434] Device xc7a35t (JTAG device index = 0) is programmed with a design that has no supported debug core(s) in it.
exit
INFO: [Common 17-206] Exiting Vivado at Fri Dec  9 16:29:24 2022...
