#-----------------------------------------------------------
# Vivado v2021.1 (64-bit)
# SW Build 3247384 on Thu Jun 10 19:36:33 MDT 2021
# IP Build 3246043 on Fri Jun 11 00:30:35 MDT 2021
# Start of session at: Thu Dec 15 21:40:48 2022
# Process ID: 11280
# Current directory: C:/Users/Oscar/Desktop/lab7/lab07
# Command line: vivado.exe -gui_launcher_event rodinguilauncherevent8832 C:\Users\Oscar\Desktop\lab7\lab07\lab05.xpr
# Log file: C:/Users/Oscar/Desktop/lab7/lab07/vivado.log
# Journal file: C:/Users/Oscar/Desktop/lab7/lab07\vivado.jou
#-----------------------------------------------------------
start_gui
open_project C:/Users/Oscar/Desktop/lab7/lab07/lab05.xpr
INFO: [Project 1-313] Project file moved from 'C:/Users/user/Desktop/lab07' since last save.
WARNING: [filemgmt 56-2] Default IP Output Path : Could not find the directory 'C:/Users/Oscar/Desktop/lab7/lab07/lab05.gen/sources_1', nor could it be found using path 'C:/Users/user/Desktop/lab07/lab05.gen/sources_1'.
Scanning sources...
Finished scanning sources
INFO: [IP_Flow 19-234] Refreshing IP repositories
INFO: [IP_Flow 19-1704] No user IP repositories specified
INFO: [IP_Flow 19-2313] Loaded Vivado IP repository 'C:/Xilinx/Vivado/2021.1/data/ip'.
open_project: Time (s): cpu = 00:00:06 ; elapsed = 00:00:07 . Memory (MB): peak = 1125.773 ; gain = 0.000
exit
INFO: [Common 17-206] Exiting Vivado at Thu Dec 15 22:24:11 2022...
