#-----------------------------------------------------------
# Vivado v2021.1 (64-bit)
# SW Build 3247384 on Thu Jun 10 19:36:33 MDT 2021
# IP Build 3246043 on Fri Jun 11 00:30:35 MDT 2021
# Start of session at: Fri Dec  9 10:18:38 2022
# Process ID: 1476
# Current directory: C:/Users/Oscar/Desktop/carpetas/cole/2022.2/DLD/lab07
# Command line: vivado.exe -gui_launcher_event rodinguilauncherevent14160 C:\Users\Oscar\Desktop\carpetas\cole\2022.2\DLD\lab07\lab05.xpr
# Log file: C:/Users/Oscar/Desktop/carpetas/cole/2022.2/DLD/lab07/vivado.log
# Journal file: C:/Users/Oscar/Desktop/carpetas/cole/2022.2/DLD/lab07\vivado.jou
#-----------------------------------------------------------
start_gui
open_project C:/Users/Oscar/Desktop/carpetas/cole/2022.2/DLD/lab07/lab05.xpr
WARNING: [filemgmt 56-3] Default IP Output Path : Could not find the directory 'C:/Users/Oscar/Desktop/carpetas/cole/2022.2/DLD/lab07/lab05.gen/sources_1'.
Scanning sources...
Finished scanning sources
INFO: [IP_Flow 19-234] Refreshing IP repositories
INFO: [IP_Flow 19-1704] No user IP repositories specified
INFO: [IP_Flow 19-2313] Loaded Vivado IP repository 'C:/Xilinx/Vivado/2021.1/data/ip'.
open_project: Time (s): cpu = 00:00:06 ; elapsed = 00:00:06 . Memory (MB): peak = 1124.414 ; gain = 0.000
open_hw_manager
connect_hw_server -allow_non_jtag
INFO: [Labtools 27-2285] Connecting to hw_server url TCP:localhost:3121
INFO: [Labtools 27-2222] Launching hw_server...
INFO: [Labtools 27-2221] Launch Output:

****** Xilinx hw_server v2021.1
  **** Build date : Jun 10 2021 at 20:17:23
    ** Copyright 1986-2021 Xilinx, Inc. All Rights Reserved.


INFO: [Labtools 27-3415] Connecting to cs_server url TCP:localhost:3042
INFO: [Labtools 27-3417] Launching cs_server...
INFO: [Labtools 27-2221] Launch Output:


******** Xilinx cs_server v2021.1
  ****** Build date   : May 27 2021-01:32:33
    **** Build number : 2021.1.1622050353
      ** Copyright 2017-2022 Xilinx, Inc. All Rights Reserved.



connect_hw_server: Time (s): cpu = 00:00:00 ; elapsed = 00:00:15 . Memory (MB): peak = 1124.414 ; gain = 0.000
open_hw_target
INFO: [Labtoolstcl 44-466] Opening hw_target localhost:3121/xilinx_tcf/Xilinx/1234-tulA
set_property PROGRAM.FILE {C:/Users/Oscar/Desktop/carpetas/cole/2022.2/DLD/lab07/lab05.runs/impl_1/task1.bit} [get_hw_devices xc7a35t_0]
current_hw_device [get_hw_devices xc7a35t_0]
refresh_hw_device -update_hw_probes false [lindex [get_hw_devices xc7a35t_0] 0]
INFO: [Labtools 27-1434] Device xc7a35t (JTAG device index = 0) is programmed with a design that has no supported debug core(s) in it.
set_property PROBES.FILE {} [get_hw_devices xc7a35t_0]
set_property FULL_PROBES.FILE {} [get_hw_devices xc7a35t_0]
set_property PROGRAM.FILE {C:/Users/Oscar/Desktop/carpetas/cole/2022.2/DLD/lab07/lab05.runs/impl_1/task1.bit} [get_hw_devices xc7a35t_0]
program_hw_devices [get_hw_devices xc7a35t_0]
INFO: [Labtools 27-3164] End of startup status: HIGH
refresh_hw_device [lindex [get_hw_devices xc7a35t_0] 0]
INFO: [Labtools 27-1434] Device xc7a35t (JTAG device index = 0) is programmed with a design that has no supported debug core(s) in it.
reset_run synth_1
WARNING: [Vivado 12-1017] Problems encountered:
1. Failed to delete one or more files in run directory C:/Users/Oscar/Desktop/carpetas/cole/2022.2/DLD/lab07/lab05.runs/synth_1

launch_runs synth_1 -jobs 6
[Fri Dec  9 10:24:24 2022] Launched synth_1...
Run output will be captured here: C:/Users/Oscar/Desktop/carpetas/cole/2022.2/DLD/lab07/lab05.runs/synth_1/runme.log
launch_runs impl_1 -jobs 6
[Fri Dec  9 10:25:21 2022] Launched impl_1...
Run output will be captured here: C:/Users/Oscar/Desktop/carpetas/cole/2022.2/DLD/lab07/lab05.runs/impl_1/runme.log
launch_runs impl_1 -to_step write_bitstream -jobs 6
[Fri Dec  9 10:26:12 2022] Launched impl_1...
Run output will be captured here: C:/Users/Oscar/Desktop/carpetas/cole/2022.2/DLD/lab07/lab05.runs/impl_1/runme.log
set_property PROBES.FILE {} [get_hw_devices xc7a35t_0]
set_property FULL_PROBES.FILE {} [get_hw_devices xc7a35t_0]
set_property PROGRAM.FILE {C:/Users/Oscar/Desktop/carpetas/cole/2022.2/DLD/lab07/lab05.runs/impl_1/task1.bit} [get_hw_devices xc7a35t_0]
program_hw_devices [get_hw_devices xc7a35t_0]
INFO: [Labtools 27-3164] End of startup status: HIGH
refresh_hw_device [lindex [get_hw_devices xc7a35t_0] 0]
INFO: [Labtools 27-1434] Device xc7a35t (JTAG device index = 0) is programmed with a design that has no supported debug core(s) in it.
reset_run synth_1
WARNING: [Vivado 12-1017] Problems encountered:
1. Failed to delete one or more files in run directory C:/Users/Oscar/Desktop/carpetas/cole/2022.2/DLD/lab07/lab05.runs/synth_1

launch_runs synth_1 -jobs 6
[Fri Dec  9 10:29:19 2022] Launched synth_1...
Run output will be captured here: C:/Users/Oscar/Desktop/carpetas/cole/2022.2/DLD/lab07/lab05.runs/synth_1/runme.log
launch_runs impl_1 -jobs 6
[Fri Dec  9 10:30:23 2022] Launched impl_1...
Run output will be captured here: C:/Users/Oscar/Desktop/carpetas/cole/2022.2/DLD/lab07/lab05.runs/impl_1/runme.log
launch_runs impl_1 -to_step write_bitstream -jobs 6
[Fri Dec  9 10:31:13 2022] Launched impl_1...
Run output will be captured here: C:/Users/Oscar/Desktop/carpetas/cole/2022.2/DLD/lab07/lab05.runs/impl_1/runme.log
set_property PROBES.FILE {} [get_hw_devices xc7a35t_0]
set_property FULL_PROBES.FILE {} [get_hw_devices xc7a35t_0]
set_property PROGRAM.FILE {C:/Users/Oscar/Desktop/carpetas/cole/2022.2/DLD/lab07/lab05.runs/impl_1/task1.bit} [get_hw_devices xc7a35t_0]
program_hw_devices [get_hw_devices xc7a35t_0]
INFO: [Labtools 27-3164] End of startup status: HIGH
refresh_hw_device [lindex [get_hw_devices xc7a35t_0] 0]
INFO: [Labtools 27-1434] Device xc7a35t (JTAG device index = 0) is programmed with a design that has no supported debug core(s) in it.
reset_run synth_1
WARNING: [Vivado 12-1017] Problems encountered:
1. Failed to delete one or more files in run directory C:/Users/Oscar/Desktop/carpetas/cole/2022.2/DLD/lab07/lab05.runs/synth_1

launch_runs synth_1 -jobs 6
[Fri Dec  9 10:37:21 2022] Launched synth_1...
Run output will be captured here: C:/Users/Oscar/Desktop/carpetas/cole/2022.2/DLD/lab07/lab05.runs/synth_1/runme.log
reset_run synth_1
WARNING: [Vivado 12-1017] Problems encountered:
1. Failed to delete one or more files in run directory C:/Users/Oscar/Desktop/carpetas/cole/2022.2/DLD/lab07/lab05.runs/synth_1

launch_runs synth_1 -jobs 6
[Fri Dec  9 10:38:40 2022] Launched synth_1...
Run output will be captured here: C:/Users/Oscar/Desktop/carpetas/cole/2022.2/DLD/lab07/lab05.runs/synth_1/runme.log
reset_run synth_1
WARNING: [Vivado 12-1017] Problems encountered:
1. Failed to delete one or more files in run directory C:/Users/Oscar/Desktop/carpetas/cole/2022.2/DLD/lab07/lab05.runs/synth_1

launch_runs synth_1 -jobs 6
[Fri Dec  9 10:39:49 2022] Launched synth_1...
Run output will be captured here: C:/Users/Oscar/Desktop/carpetas/cole/2022.2/DLD/lab07/lab05.runs/synth_1/runme.log
launch_runs impl_1 -jobs 6
[Fri Dec  9 10:40:22 2022] Launched impl_1...
Run output will be captured here: C:/Users/Oscar/Desktop/carpetas/cole/2022.2/DLD/lab07/lab05.runs/impl_1/runme.log
reset_run synth_1
WARNING: [Vivado 12-1017] Problems encountered:
1. Failed to delete one or more files in run directory C:/Users/Oscar/Desktop/carpetas/cole/2022.2/DLD/lab07/lab05.runs/synth_1

launch_runs synth_1 -jobs 6
[Fri Dec  9 10:41:23 2022] Launched synth_1...
Run output will be captured here: C:/Users/Oscar/Desktop/carpetas/cole/2022.2/DLD/lab07/lab05.runs/synth_1/runme.log
launch_runs impl_1 -jobs 6
[Fri Dec  9 10:42:03 2022] Launched impl_1...
Run output will be captured here: C:/Users/Oscar/Desktop/carpetas/cole/2022.2/DLD/lab07/lab05.runs/impl_1/runme.log
launch_runs impl_1 -to_step write_bitstream -jobs 6
[Fri Dec  9 10:42:48 2022] Launched impl_1...
Run output will be captured here: C:/Users/Oscar/Desktop/carpetas/cole/2022.2/DLD/lab07/lab05.runs/impl_1/runme.log
set_property PROBES.FILE {} [get_hw_devices xc7a35t_0]
set_property FULL_PROBES.FILE {} [get_hw_devices xc7a35t_0]
set_property PROGRAM.FILE {C:/Users/Oscar/Desktop/carpetas/cole/2022.2/DLD/lab07/lab05.runs/impl_1/task1.bit} [get_hw_devices xc7a35t_0]
program_hw_devices [get_hw_devices xc7a35t_0]
INFO: [Labtools 27-3164] End of startup status: HIGH
refresh_hw_device [lindex [get_hw_devices xc7a35t_0] 0]
INFO: [Labtools 27-1434] Device xc7a35t (JTAG device index = 0) is programmed with a design that has no supported debug core(s) in it.
reset_run synth_1
WARNING: [Vivado 12-1017] Problems encountered:
1. Failed to delete one or more files in run directory C:/Users/Oscar/Desktop/carpetas/cole/2022.2/DLD/lab07/lab05.runs/synth_1

launch_runs synth_1 -jobs 6
[Fri Dec  9 10:45:13 2022] Launched synth_1...
Run output will be captured here: C:/Users/Oscar/Desktop/carpetas/cole/2022.2/DLD/lab07/lab05.runs/synth_1/runme.log
launch_runs impl_1 -jobs 6
[Fri Dec  9 10:45:48 2022] Launched impl_1...
Run output will be captured here: C:/Users/Oscar/Desktop/carpetas/cole/2022.2/DLD/lab07/lab05.runs/impl_1/runme.log
launch_runs impl_1 -to_step write_bitstream -jobs 6
[Fri Dec  9 10:46:33 2022] Launched impl_1...
Run output will be captured here: C:/Users/Oscar/Desktop/carpetas/cole/2022.2/DLD/lab07/lab05.runs/impl_1/runme.log
set_property PROBES.FILE {} [get_hw_devices xc7a35t_0]
set_property FULL_PROBES.FILE {} [get_hw_devices xc7a35t_0]
set_property PROGRAM.FILE {C:/Users/Oscar/Desktop/carpetas/cole/2022.2/DLD/lab07/lab05.runs/impl_1/task1.bit} [get_hw_devices xc7a35t_0]
program_hw_devices [get_hw_devices xc7a35t_0]
INFO: [Labtools 27-3164] End of startup status: HIGH
refresh_hw_device [lindex [get_hw_devices xc7a35t_0] 0]
INFO: [Labtools 27-1434] Device xc7a35t (JTAG device index = 0) is programmed with a design that has no supported debug core(s) in it.
reset_run synth_1
WARNING: [Vivado 12-1017] Problems encountered:
1. Failed to delete one or more files in run directory C:/Users/Oscar/Desktop/carpetas/cole/2022.2/DLD/lab07/lab05.runs/synth_1

launch_runs synth_1 -jobs 6
[Fri Dec  9 11:00:04 2022] Launched synth_1...
Run output will be captured here: C:/Users/Oscar/Desktop/carpetas/cole/2022.2/DLD/lab07/lab05.runs/synth_1/runme.log
launch_runs impl_1 -jobs 6
[Fri Dec  9 11:00:44 2022] Launched impl_1...
Run output will be captured here: C:/Users/Oscar/Desktop/carpetas/cole/2022.2/DLD/lab07/lab05.runs/impl_1/runme.log
launch_runs impl_1 -to_step write_bitstream -jobs 6
[Fri Dec  9 11:01:30 2022] Launched impl_1...
Run output will be captured here: C:/Users/Oscar/Desktop/carpetas/cole/2022.2/DLD/lab07/lab05.runs/impl_1/runme.log
set_property PROBES.FILE {} [get_hw_devices xc7a35t_0]
set_property FULL_PROBES.FILE {} [get_hw_devices xc7a35t_0]
set_property PROGRAM.FILE {C:/Users/Oscar/Desktop/carpetas/cole/2022.2/DLD/lab07/lab05.runs/impl_1/task1.bit} [get_hw_devices xc7a35t_0]
program_hw_devices [get_hw_devices xc7a35t_0]
INFO: [Labtools 27-3164] End of startup status: HIGH
refresh_hw_device [lindex [get_hw_devices xc7a35t_0] 0]
INFO: [Labtools 27-1434] Device xc7a35t (JTAG device index = 0) is programmed with a design that has no supported debug core(s) in it.
exit
INFO: [Common 17-206] Exiting Vivado at Fri Dec  9 11:41:43 2022...
