#-----------------------------------------------------------
# Vivado v2021.1 (64-bit)
# SW Build 3247384 on Thu Jun 10 19:36:33 MDT 2021
# IP Build 3246043 on Fri Jun 11 00:30:35 MDT 2021
# Start of session at: Thu Dec 15 13:44:51 2022
# Process ID: 13696
# Current directory: C:/Users/user/Desktop/lab07
# Command line: vivado.exe -gui_launcher_event rodinguilauncherevent16488 C:\Users\user\Desktop\lab07\lab05.xpr
# Log file: C:/Users/user/Desktop/lab07/vivado.log
# Journal file: C:/Users/user/Desktop/lab07\vivado.jou
#-----------------------------------------------------------
start_gui
open_project C:/Users/user/Desktop/lab07/lab05.xpr
INFO: [Project 1-313] Project file moved from 'C:/Users/Oscar/Desktop/carpetas/cole/2022.2/DLD/lab07' since last save.
WARNING: [filemgmt 56-2] Default IP Output Path : Could not find the directory 'C:/Users/user/Desktop/lab07/lab05.gen/sources_1', nor could it be found using path 'C:/Users/Oscar/Desktop/carpetas/cole/2022.2/DLD/lab07/lab05.gen/sources_1'.
Scanning sources...
Finished scanning sources
INFO: [IP_Flow 19-234] Refreshing IP repositories
INFO: [IP_Flow 19-1704] No user IP repositories specified
INFO: [IP_Flow 19-2313] Loaded Vivado IP repository 'C:/Xilinx/Vivado/2021.1/data/ip'.
open_hw_manager
connect_hw_server -allow_non_jtag
INFO: [Labtools 27-2285] Connecting to hw_server url TCP:localhost:3121
INFO: [Labtools 27-2222] Launching hw_server...
INFO: [Labtools 27-2221] Launch Output:

****** Xilinx hw_server v2021.1
  **** Build date : Jun 10 2021 at 20:17:23
    ** Copyright 1986-2021 Xilinx, Inc. All Rights Reserved.


INFO: [Labtools 27-3415] Connecting to cs_server url TCP:localhost:3042
INFO: [Labtools 27-3417] Launching cs_server...
INFO: [Labtools 27-2221] Launch Output:


******** Xilinx cs_server v2021.1
  ****** Build date   : May 27 2021-01:32:33
    **** Build number : 2021.1.1622050353
      ** Copyright 2017-2022 Xilinx, Inc. All Rights Reserved.



connect_hw_server: Time (s): cpu = 00:00:00 ; elapsed = 00:00:06 . Memory (MB): peak = 1120.434 ; gain = 0.000
disconnect_hw_server localhost:3121
connect_hw_server -allow_non_jtag
INFO: [Labtools 27-2285] Connecting to hw_server url TCP:localhost:3121
INFO: [Labtools 27-3415] Connecting to cs_server url TCP:localhost:3042
INFO: [Labtools 27-3414] Connected to existing cs_server.
open_hw_target
INFO: [Labtoolstcl 44-466] Opening hw_target localhost:3121/xilinx_tcf/Xilinx/1234-tulA
set_property PROGRAM.FILE {C:/Users/user/Desktop/lab07/lab05.runs/impl_1/task1.bit} [get_hw_devices xc7a35t_0]
current_hw_device [get_hw_devices xc7a35t_0]
refresh_hw_device -update_hw_probes false [lindex [get_hw_devices xc7a35t_0] 0]
INFO: [Labtools 27-1434] Device xc7a35t (JTAG device index = 0) is programmed with a design that has no supported debug core(s) in it.
set_property PROBES.FILE {} [get_hw_devices xc7a35t_0]
set_property FULL_PROBES.FILE {} [get_hw_devices xc7a35t_0]
set_property PROGRAM.FILE {C:/Users/user/Desktop/lab07/lab05.runs/impl_1/task1.bit} [get_hw_devices xc7a35t_0]
program_hw_devices [get_hw_devices xc7a35t_0]
INFO: [Labtools 27-3164] End of startup status: HIGH
refresh_hw_device [lindex [get_hw_devices xc7a35t_0] 0]
INFO: [Labtools 27-1434] Device xc7a35t (JTAG device index = 0) is programmed with a design that has no supported debug core(s) in it.
reset_run synth_1
WARNING: [Vivado 12-1017] Problems encountered:
1. Failed to delete one or more files in run directory C:/Users/user/Desktop/lab07/lab05.runs/synth_1

launch_runs synth_1 -jobs 8
[Thu Dec 15 13:50:46 2022] Launched synth_1...
Run output will be captured here: C:/Users/user/Desktop/lab07/lab05.runs/synth_1/runme.log
ERROR: [Labtoolstcl 44-513] HW Target shutdown. Closing target: localhost:3121/xilinx_tcf/Xilinx/1234-tulA
INFO: [Labtoolstcl 44-466] Opening hw_target localhost:3121/xilinx_tcf/Xilinx/1234-tulA
INFO: [Labtools 27-1434] Device xc7a35t (JTAG device index = 0) is programmed with a design that has no supported debug core(s) in it.
WARNING: [Labtoolstcl 44-129] No matching hw_ila_data was found.
open_run synth_1 -name synth_1
Design is defaulting to impl run constrset: constrs_1
Design is defaulting to synth run part: xc7a35tcsg324-1
INFO: [Device 21-403] Loading part xc7a35tcsg324-1
Netlist sorting complete. Time (s): cpu = 00:00:00 ; elapsed = 00:00:00.001 . Memory (MB): peak = 3089.777 ; gain = 0.000
INFO: [Netlist 29-17] Analyzing 10 Unisim elements for replacement
INFO: [Netlist 29-28] Unisim Transformation completed in 0 CPU seconds
INFO: [Project 1-479] Netlist was created with Vivado 2021.1
INFO: [Project 1-570] Preparing netlist for logic optimization
Parsing XDC File [C:/Users/user/Desktop/lab07/lab05.srcs/constrs_1/new/constraint222.xdc]
WARNING: [Vivado 12-584] No ports matched 'DIS[5]'. [C:/Users/user/Desktop/lab07/lab05.srcs/constrs_1/new/constraint222.xdc:1]
CRITICAL WARNING: [Common 17-55] 'set_property' expects at least one object. [C:/Users/user/Desktop/lab07/lab05.srcs/constrs_1/new/constraint222.xdc:1]
Resolution: If [get_<value>] was used to populate the object, check to make sure this command returns at least one valid object.
WARNING: [Vivado 12-584] No ports matched 'DIS[4]'. [C:/Users/user/Desktop/lab07/lab05.srcs/constrs_1/new/constraint222.xdc:2]
CRITICAL WARNING: [Common 17-55] 'set_property' expects at least one object. [C:/Users/user/Desktop/lab07/lab05.srcs/constrs_1/new/constraint222.xdc:2]
Resolution: If [get_<value>] was used to populate the object, check to make sure this command returns at least one valid object.
WARNING: [Vivado 12-584] No ports matched 'OUTleft[6]'. [C:/Users/user/Desktop/lab07/lab05.srcs/constrs_1/new/constraint222.xdc:7]
CRITICAL WARNING: [Common 17-55] 'set_property' expects at least one object. [C:/Users/user/Desktop/lab07/lab05.srcs/constrs_1/new/constraint222.xdc:7]
Resolution: If [get_<value>] was used to populate the object, check to make sure this command returns at least one valid object.
WARNING: [Vivado 12-584] No ports matched 'OUTleft[5]'. [C:/Users/user/Desktop/lab07/lab05.srcs/constrs_1/new/constraint222.xdc:8]
CRITICAL WARNING: [Common 17-55] 'set_property' expects at least one object. [C:/Users/user/Desktop/lab07/lab05.srcs/constrs_1/new/constraint222.xdc:8]
Resolution: If [get_<value>] was used to populate the object, check to make sure this command returns at least one valid object.
WARNING: [Vivado 12-584] No ports matched 'OUTleft[4]'. [C:/Users/user/Desktop/lab07/lab05.srcs/constrs_1/new/constraint222.xdc:9]
CRITICAL WARNING: [Common 17-55] 'set_property' expects at least one object. [C:/Users/user/Desktop/lab07/lab05.srcs/constrs_1/new/constraint222.xdc:9]
Resolution: If [get_<value>] was used to populate the object, check to make sure this command returns at least one valid object.
WARNING: [Vivado 12-584] No ports matched 'OUTleft[3]'. [C:/Users/user/Desktop/lab07/lab05.srcs/constrs_1/new/constraint222.xdc:10]
CRITICAL WARNING: [Common 17-55] 'set_property' expects at least one object. [C:/Users/user/Desktop/lab07/lab05.srcs/constrs_1/new/constraint222.xdc:10]
Resolution: If [get_<value>] was used to populate the object, check to make sure this command returns at least one valid object.
WARNING: [Vivado 12-584] No ports matched 'OUTleft[2]'. [C:/Users/user/Desktop/lab07/lab05.srcs/constrs_1/new/constraint222.xdc:11]
CRITICAL WARNING: [Common 17-55] 'set_property' expects at least one object. [C:/Users/user/Desktop/lab07/lab05.srcs/constrs_1/new/constraint222.xdc:11]
Resolution: If [get_<value>] was used to populate the object, check to make sure this command returns at least one valid object.
WARNING: [Vivado 12-584] No ports matched 'OUTleft[1]'. [C:/Users/user/Desktop/lab07/lab05.srcs/constrs_1/new/constraint222.xdc:12]
CRITICAL WARNING: [Common 17-55] 'set_property' expects at least one object. [C:/Users/user/Desktop/lab07/lab05.srcs/constrs_1/new/constraint222.xdc:12]
Resolution: If [get_<value>] was used to populate the object, check to make sure this command returns at least one valid object.
WARNING: [Vivado 12-584] No ports matched 'OUTleft[0]'. [C:/Users/user/Desktop/lab07/lab05.srcs/constrs_1/new/constraint222.xdc:13]
CRITICAL WARNING: [Common 17-55] 'set_property' expects at least one object. [C:/Users/user/Desktop/lab07/lab05.srcs/constrs_1/new/constraint222.xdc:13]
Resolution: If [get_<value>] was used to populate the object, check to make sure this command returns at least one valid object.
WARNING: [Vivado 12-584] No ports matched 'Spause'. [C:/Users/user/Desktop/lab07/lab05.srcs/constrs_1/new/constraint222.xdc:23]
CRITICAL WARNING: [Common 17-55] 'set_property' expects at least one object. [C:/Users/user/Desktop/lab07/lab05.srcs/constrs_1/new/constraint222.xdc:23]
Resolution: If [get_<value>] was used to populate the object, check to make sure this command returns at least one valid object.
WARNING: [Vivado 12-584] No ports matched 'Spause'. [C:/Users/user/Desktop/lab07/lab05.srcs/constrs_1/new/constraint222.xdc:26]
CRITICAL WARNING: [Common 17-55] 'set_property' expects at least one object. [C:/Users/user/Desktop/lab07/lab05.srcs/constrs_1/new/constraint222.xdc:26]
Resolution: If [get_<value>] was used to populate the object, check to make sure this command returns at least one valid object.
WARNING: [Vivado 12-584] No ports matched 'DIS[5]'. [C:/Users/user/Desktop/lab07/lab05.srcs/constrs_1/new/constraint222.xdc:27]
CRITICAL WARNING: [Common 17-55] 'set_property' expects at least one object. [C:/Users/user/Desktop/lab07/lab05.srcs/constrs_1/new/constraint222.xdc:27]
Resolution: If [get_<value>] was used to populate the object, check to make sure this command returns at least one valid object.
WARNING: [Vivado 12-584] No ports matched 'DIS[4]'. [C:/Users/user/Desktop/lab07/lab05.srcs/constrs_1/new/constraint222.xdc:28]
CRITICAL WARNING: [Common 17-55] 'set_property' expects at least one object. [C:/Users/user/Desktop/lab07/lab05.srcs/constrs_1/new/constraint222.xdc:28]
Resolution: If [get_<value>] was used to populate the object, check to make sure this command returns at least one valid object.
WARNING: [Vivado 12-584] No ports matched 'OUTleft[6]'. [C:/Users/user/Desktop/lab07/lab05.srcs/constrs_1/new/constraint222.xdc:33]
CRITICAL WARNING: [Common 17-55] 'set_property' expects at least one object. [C:/Users/user/Desktop/lab07/lab05.srcs/constrs_1/new/constraint222.xdc:33]
Resolution: If [get_<value>] was used to populate the object, check to make sure this command returns at least one valid object.
WARNING: [Vivado 12-584] No ports matched 'OUTleft[5]'. [C:/Users/user/Desktop/lab07/lab05.srcs/constrs_1/new/constraint222.xdc:34]
CRITICAL WARNING: [Common 17-55] 'set_property' expects at least one object. [C:/Users/user/Desktop/lab07/lab05.srcs/constrs_1/new/constraint222.xdc:34]
Resolution: If [get_<value>] was used to populate the object, check to make sure this command returns at least one valid object.
WARNING: [Vivado 12-584] No ports matched 'OUTleft[4]'. [C:/Users/user/Desktop/lab07/lab05.srcs/constrs_1/new/constraint222.xdc:35]
CRITICAL WARNING: [Common 17-55] 'set_property' expects at least one object. [C:/Users/user/Desktop/lab07/lab05.srcs/constrs_1/new/constraint222.xdc:35]
Resolution: If [get_<value>] was used to populate the object, check to make sure this command returns at least one valid object.
WARNING: [Vivado 12-584] No ports matched 'OUTleft[3]'. [C:/Users/user/Desktop/lab07/lab05.srcs/constrs_1/new/constraint222.xdc:36]
CRITICAL WARNING: [Common 17-55] 'set_property' expects at least one object. [C:/Users/user/Desktop/lab07/lab05.srcs/constrs_1/new/constraint222.xdc:36]
Resolution: If [get_<value>] was used to populate the object, check to make sure this command returns at least one valid object.
WARNING: [Vivado 12-584] No ports matched 'OUTleft[2]'. [C:/Users/user/Desktop/lab07/lab05.srcs/constrs_1/new/constraint222.xdc:37]
CRITICAL WARNING: [Common 17-55] 'set_property' expects at least one object. [C:/Users/user/Desktop/lab07/lab05.srcs/constrs_1/new/constraint222.xdc:37]
Resolution: If [get_<value>] was used to populate the object, check to make sure this command returns at least one valid object.
WARNING: [Vivado 12-584] No ports matched 'OUTleft[1]'. [C:/Users/user/Desktop/lab07/lab05.srcs/constrs_1/new/constraint222.xdc:38]
CRITICAL WARNING: [Common 17-55] 'set_property' expects at least one object. [C:/Users/user/Desktop/lab07/lab05.srcs/constrs_1/new/constraint222.xdc:38]
Resolution: If [get_<value>] was used to populate the object, check to make sure this command returns at least one valid object.
WARNING: [Vivado 12-584] No ports matched 'OUTleft[0]'. [C:/Users/user/Desktop/lab07/lab05.srcs/constrs_1/new/constraint222.xdc:39]
CRITICAL WARNING: [Common 17-55] 'set_property' expects at least one object. [C:/Users/user/Desktop/lab07/lab05.srcs/constrs_1/new/constraint222.xdc:39]
Resolution: If [get_<value>] was used to populate the object, check to make sure this command returns at least one valid object.
WARNING: [Vivado 12-584] No ports matched 'Sfreq'. [C:/Users/user/Desktop/lab07/lab05.srcs/constrs_1/new/constraint222.xdc:48]
CRITICAL WARNING: [Common 17-55] 'set_property' expects at least one object. [C:/Users/user/Desktop/lab07/lab05.srcs/constrs_1/new/constraint222.xdc:48]
Resolution: If [get_<value>] was used to populate the object, check to make sure this command returns at least one valid object.
WARNING: [Vivado 12-584] No ports matched 'Sfreq'. [C:/Users/user/Desktop/lab07/lab05.srcs/constrs_1/new/constraint222.xdc:49]
CRITICAL WARNING: [Common 17-55] 'set_property' expects at least one object. [C:/Users/user/Desktop/lab07/lab05.srcs/constrs_1/new/constraint222.xdc:49]
Resolution: If [get_<value>] was used to populate the object, check to make sure this command returns at least one valid object.
WARNING: [Vivado 12-584] No ports matched 'BplusSec'. [C:/Users/user/Desktop/lab07/lab05.srcs/constrs_1/new/constraint222.xdc:50]
CRITICAL WARNING: [Common 17-55] 'set_property' expects at least one object. [C:/Users/user/Desktop/lab07/lab05.srcs/constrs_1/new/constraint222.xdc:50]
Resolution: If [get_<value>] was used to populate the object, check to make sure this command returns at least one valid object.
WARNING: [Vivado 12-584] No ports matched 'BplusMin'. [C:/Users/user/Desktop/lab07/lab05.srcs/constrs_1/new/constraint222.xdc:51]
CRITICAL WARNING: [Common 17-55] 'set_property' expects at least one object. [C:/Users/user/Desktop/lab07/lab05.srcs/constrs_1/new/constraint222.xdc:51]
Resolution: If [get_<value>] was used to populate the object, check to make sure this command returns at least one valid object.
WARNING: [Vivado 12-584] No ports matched 'BplusHour'. [C:/Users/user/Desktop/lab07/lab05.srcs/constrs_1/new/constraint222.xdc:52]
CRITICAL WARNING: [Common 17-55] 'set_property' expects at least one object. [C:/Users/user/Desktop/lab07/lab05.srcs/constrs_1/new/constraint222.xdc:52]
Resolution: If [get_<value>] was used to populate the object, check to make sure this command returns at least one valid object.
WARNING: [Vivado 12-584] No ports matched 'BplusSec'. [C:/Users/user/Desktop/lab07/lab05.srcs/constrs_1/new/constraint222.xdc:53]
CRITICAL WARNING: [Common 17-55] 'set_property' expects at least one object. [C:/Users/user/Desktop/lab07/lab05.srcs/constrs_1/new/constraint222.xdc:53]
Resolution: If [get_<value>] was used to populate the object, check to make sure this command returns at least one valid object.
WARNING: [Vivado 12-584] No ports matched 'BplusMin'. [C:/Users/user/Desktop/lab07/lab05.srcs/constrs_1/new/constraint222.xdc:54]
CRITICAL WARNING: [Common 17-55] 'set_property' expects at least one object. [C:/Users/user/Desktop/lab07/lab05.srcs/constrs_1/new/constraint222.xdc:54]
Resolution: If [get_<value>] was used to populate the object, check to make sure this command returns at least one valid object.
WARNING: [Vivado 12-584] No ports matched 'BplusHour'. [C:/Users/user/Desktop/lab07/lab05.srcs/constrs_1/new/constraint222.xdc:55]
CRITICAL WARNING: [Common 17-55] 'set_property' expects at least one object. [C:/Users/user/Desktop/lab07/lab05.srcs/constrs_1/new/constraint222.xdc:55]
Resolution: If [get_<value>] was used to populate the object, check to make sure this command returns at least one valid object.
Finished Parsing XDC File [C:/Users/user/Desktop/lab07/lab05.srcs/constrs_1/new/constraint222.xdc]
INFO: [Opt 31-138] Pushed 0 inverter(s) to 0 load pin(s).
Netlist sorting complete. Time (s): cpu = 00:00:00 ; elapsed = 00:00:00 . Memory (MB): peak = 3176.430 ; gain = 0.000
INFO: [Project 1-111] Unisim Transformation Summary:
No Unisim elements were transformed.

startgroup
set_property package_pin "" [get_ports [list  {DIS[1]}]]
place_ports {DIS[3]} G1
endgroup
startgroup
set_property package_pin "" [get_ports [list  {DIS[0]}]]
place_ports {DIS[2]} F1
endgroup
place_ports {DIS[1]} E1
place_ports {DIS[0]} G6
place_ports dot H2
save_constraints
reset_run synth_1
WARNING: [Vivado 12-1017] Problems encountered:
1. Failed to delete one or more files in run directory C:/Users/user/Desktop/lab07/lab05.runs/synth_1

launch_runs synth_1 -jobs 8
[Thu Dec 15 13:52:36 2022] Launched synth_1...
Run output will be captured here: C:/Users/user/Desktop/lab07/lab05.runs/synth_1/runme.log
launch_runs impl_1 -jobs 8
WARNING: [Project 1-478] Design 'synth_1' is stale and will not be used when launching 'impl_1'
[Thu Dec 15 13:53:09 2022] Launched impl_1...
Run output will be captured here: C:/Users/user/Desktop/lab07/lab05.runs/impl_1/runme.log
launch_runs impl_1 -to_step write_bitstream -jobs 8
[Thu Dec 15 13:53:54 2022] Launched impl_1...
Run output will be captured here: C:/Users/user/Desktop/lab07/lab05.runs/impl_1/runme.log
set_property PROBES.FILE {} [get_hw_devices xc7a35t_0]
set_property FULL_PROBES.FILE {} [get_hw_devices xc7a35t_0]
set_property PROGRAM.FILE {C:/Users/user/Desktop/lab07/lab05.runs/impl_1/task1.bit} [get_hw_devices xc7a35t_0]
program_hw_devices [get_hw_devices xc7a35t_0]
INFO: [Labtools 27-3164] End of startup status: HIGH
refresh_hw_device [lindex [get_hw_devices xc7a35t_0] 0]
INFO: [Labtools 27-1434] Device xc7a35t (JTAG device index = 0) is programmed with a design that has no supported debug core(s) in it.
ERROR: [Labtoolstcl 44-513] HW Target shutdown. Closing target: localhost:3121/xilinx_tcf/Xilinx/1234-tulA
exit
INFO: [Common 17-206] Exiting Vivado at Thu Dec 15 14:03:07 2022...
