#-----------------------------------------------------------
# Vivado v2021.1 (64-bit)
# SW Build 3247384 on Thu Jun 10 19:36:33 MDT 2021
# IP Build 3246043 on Fri Jun 11 00:30:35 MDT 2021
# Start of session at: Thu Dec 22 13:05:44 2022
# Process ID: 7536
# Current directory: C:/Users/Oscar/Desktop/lab5/Lab5/lab05-2
# Command line: vivado.exe -gui_launcher_event rodinguilauncherevent7872 C:\Users\Oscar\Desktop\lab5\Lab5\lab05-2\lab05.xpr
# Log file: C:/Users/Oscar/Desktop/lab5/Lab5/lab05-2/vivado.log
# Journal file: C:/Users/Oscar/Desktop/lab5/Lab5/lab05-2\vivado.jou
#-----------------------------------------------------------
start_gui
open_project C:/Users/Oscar/Desktop/lab5/Lab5/lab05-2/lab05.xpr
INFO: [Project 1-313] Project file moved from 'C:/Users/Oscar/Desktop/carpetas/cole/2022.2/DLD/lab5/lab05-2' since last save.
WARNING: [filemgmt 56-2] Default IP Output Path : Could not find the directory 'C:/Users/Oscar/Desktop/lab5/Lab5/lab05-2/lab05.gen/sources_1', nor could it be found using path 'C:/Users/Oscar/Desktop/carpetas/cole/2022.2/DLD/lab5/lab05-2/lab05.gen/sources_1'.
Scanning sources...
Finished scanning sources
INFO: [IP_Flow 19-234] Refreshing IP repositories
INFO: [IP_Flow 19-1704] No user IP repositories specified
INFO: [IP_Flow 19-2313] Loaded Vivado IP repository 'C:/Xilinx/Vivado/2021.1/data/ip'.
open_project: Time (s): cpu = 00:00:06 ; elapsed = 00:00:05 . Memory (MB): peak = 1445.418 ; gain = 0.000
update_compile_order -fileset sources_1
exit
INFO: [Common 17-206] Exiting Vivado at Thu Dec 22 13:09:44 2022...
