#-----------------------------------------------------------
# Vivado v2021.1 (64-bit)
# SW Build 3247384 on Thu Jun 10 19:36:33 MDT 2021
# IP Build 3246043 on Fri Jun 11 00:30:35 MDT 2021
# Start of session at: Sat Dec 17 14:58:39 2022
# Process ID: 12524
# Current directory: C:/Users/Oscar/Desktop/carpetas/cole/2022.2/DLD/lab5/lab05-2
# Command line: vivado.exe -gui_launcher_event rodinguilauncherevent9728 C:\Users\Oscar\Desktop\carpetas\cole\2022.2\DLD\lab5\lab05-2\lab05.xpr
# Log file: C:/Users/Oscar/Desktop/carpetas/cole/2022.2/DLD/lab5/lab05-2/vivado.log
# Journal file: C:/Users/Oscar/Desktop/carpetas/cole/2022.2/DLD/lab5/lab05-2\vivado.jou
#-----------------------------------------------------------
start_gui
open_project C:/Users/Oscar/Desktop/carpetas/cole/2022.2/DLD/lab5/lab05-2/lab05.xpr
INFO: [Project 1-313] Project file moved from 'C:/Users/user/lab05-2' since last save.
WARNING: [filemgmt 56-2] Default IP Output Path : Could not find the directory 'C:/Users/Oscar/Desktop/carpetas/cole/2022.2/DLD/lab5/lab05-2/lab05.gen/sources_1', nor could it be found using path 'C:/Users/user/lab05-2/lab05.gen/sources_1'.
Scanning sources...
Finished scanning sources
INFO: [IP_Flow 19-234] Refreshing IP repositories
INFO: [IP_Flow 19-1704] No user IP repositories specified
INFO: [IP_Flow 19-2313] Loaded Vivado IP repository 'C:/Xilinx/Vivado/2021.1/data/ip'.
open_project: Time (s): cpu = 00:00:06 ; elapsed = 00:00:05 . Memory (MB): peak = 1445.445 ; gain = 0.000
update_compile_order -fileset sources_1
export_ip_user_files -of_objects  [get_files C:/Users/Oscar/Desktop/carpetas/cole/2022.2/DLD/lab5/lab05-2/lab05.srcs/sources_1/new/debounce.v] -no_script -reset -force -quiet
remove_files  C:/Users/Oscar/Desktop/carpetas/cole/2022.2/DLD/lab5/lab05-2/lab05.srcs/sources_1/new/debounce.v
export_ip_user_files -of_objects  [get_files C:/Users/Oscar/Desktop/carpetas/cole/2022.2/DLD/lab5/lab05-2/lab05.srcs/sources_1/new/DFF.v] -no_script -reset -force -quiet
remove_files  C:/Users/Oscar/Desktop/carpetas/cole/2022.2/DLD/lab5/lab05-2/lab05.srcs/sources_1/new/DFF.v
exit
INFO: [Common 17-206] Exiting Vivado at Sat Dec 17 16:47:48 2022...
