#-----------------------------------------------------------
# Vivado v2021.1 (64-bit)
# SW Build 3247384 on Thu Jun 10 19:36:33 MDT 2021
# IP Build 3246043 on Fri Jun 11 00:30:35 MDT 2021
# Start of session at: Thu Nov 10 13:56:49 2022
# Process ID: 6096
# Current directory: C:/Users/user/lab05-2
# Command line: vivado.exe -gui_launcher_event rodinguilauncherevent14560 C:\Users\user\lab05-2\lab05.xpr
# Log file: C:/Users/user/lab05-2/vivado.log
# Journal file: C:/Users/user/lab05-2\vivado.jou
#-----------------------------------------------------------
start_gui
open_project C:/Users/user/lab05-2/lab05.xpr
INFO: [Project 1-313] Project file moved from 'C:/Users/user/lab05' since last save.
WARNING: [filemgmt 56-2] Default IP Output Path : Could not find the directory 'C:/Users/user/lab05-2/lab05.gen/sources_1', nor could it be found using path 'C:/Users/user/lab05/lab05.gen/sources_1'.
Scanning sources...
Finished scanning sources
INFO: [IP_Flow 19-234] Refreshing IP repositories
INFO: [IP_Flow 19-1704] No user IP repositories specified
INFO: [IP_Flow 19-2313] Loaded Vivado IP repository 'C:/Xilinx/Vivado/2021.1/data/ip'.
update_compile_order -fileset sources_1
exit
INFO: [Common 17-206] Exiting Vivado at Thu Nov 10 13:57:52 2022...
