#-----------------------------------------------------------
# Vivado v2021.1 (64-bit)
# SW Build 3247384 on Thu Jun 10 19:36:33 MDT 2021
# IP Build 3246043 on Fri Jun 11 00:30:35 MDT 2021
# Start of session at: Thu Dec 22 12:54:39 2022
# Process ID: 8148
# Current directory: C:/Users/Oscar/Desktop/lab5/Lab5/lab05-2
# Command line: vivado.exe -gui_launcher_event rodinguilauncherevent9924 C:\Users\Oscar\Desktop\lab5\Lab5\lab05-2\lab05.xpr
# Log file: C:/Users/Oscar/Desktop/lab5/Lab5/lab05-2/vivado.log
# Journal file: C:/Users/Oscar/Desktop/lab5/Lab5/lab05-2\vivado.jou
#-----------------------------------------------------------
start_gui
open_project C:/Users/Oscar/Desktop/lab5/Lab5/lab05-2/lab05.xpr
INFO: [Project 1-313] Project file moved from 'C:/Users/Oscar/Desktop/carpetas/cole/2022.2/DLD/lab5/lab05-2' since last save.
WARNING: [filemgmt 56-2] Default IP Output Path : Could not find the directory 'C:/Users/Oscar/Desktop/lab5/Lab5/lab05-2/lab05.gen/sources_1', nor could it be found using path 'C:/Users/Oscar/Desktop/carpetas/cole/2022.2/DLD/lab5/lab05-2/lab05.gen/sources_1'.
Scanning sources...
Finished scanning sources
INFO: [IP_Flow 19-234] Refreshing IP repositories
INFO: [IP_Flow 19-1704] No user IP repositories specified
INFO: [IP_Flow 19-2313] Loaded Vivado IP repository 'C:/Xilinx/Vivado/2021.1/data/ip'.
open_project: Time (s): cpu = 00:00:08 ; elapsed = 00:00:07 . Memory (MB): peak = 1444.949 ; gain = 0.000
update_compile_order -fileset sources_1
open_hw_manager
connect_hw_server -allow_non_jtag
INFO: [Labtools 27-2285] Connecting to hw_server url TCP:localhost:3121
INFO: [Labtools 27-3415] Connecting to cs_server url TCP:localhost:3042
INFO: [Labtools 27-3414] Connected to existing cs_server.
open_hw_target
INFO: [Labtoolstcl 44-466] Opening hw_target localhost:3121/xilinx_tcf/Xilinx/1234-tulA
set_property PROGRAM.FILE {C:/Users/Oscar/Desktop/lab5/Lab5/lab05-2/lab05.runs/impl_1/task1.bit} [get_hw_devices xc7a35t_0]
current_hw_device [get_hw_devices xc7a35t_0]
refresh_hw_device -update_hw_probes false [lindex [get_hw_devices xc7a35t_0] 0]
INFO: [Labtools 27-1434] Device xc7a35t (JTAG device index = 0) is programmed with a design that has no supported debug core(s) in it.
set_property PROBES.FILE {} [get_hw_devices xc7a35t_0]
set_property FULL_PROBES.FILE {} [get_hw_devices xc7a35t_0]
set_property PROGRAM.FILE {C:/Users/Oscar/Desktop/lab5/Lab5/lab05-2/lab05.runs/impl_1/task1.bit} [get_hw_devices xc7a35t_0]
program_hw_devices [get_hw_devices xc7a35t_0]
INFO: [Labtools 27-3164] End of startup status: HIGH
refresh_hw_device [lindex [get_hw_devices xc7a35t_0] 0]
INFO: [Labtools 27-1434] Device xc7a35t (JTAG device index = 0) is programmed with a design that has no supported debug core(s) in it.
exit
INFO: [Common 17-206] Exiting Vivado at Thu Dec 22 12:58:43 2022...
