#-----------------------------------------------------------
# Vivado v2021.1 (64-bit)
# SW Build 3247384 on Thu Jun 10 19:36:33 MDT 2021
# IP Build 3246043 on Fri Jun 11 00:30:35 MDT 2021
# Start of session at: Thu Dec 22 12:52:53 2022
# Process ID: 2936
# Current directory: C:/Users/Oscar/Desktop/carpetas/cole/2022.2/DLD/lab06again
# Command line: vivado.exe -gui_launcher_event rodinguilauncherevent11292 C:\Users\Oscar\Desktop\carpetas\cole\2022.2\DLD\lab06again\lab05.xpr
# Log file: C:/Users/Oscar/Desktop/carpetas/cole/2022.2/DLD/lab06again/vivado.log
# Journal file: C:/Users/Oscar/Desktop/carpetas/cole/2022.2/DLD/lab06again\vivado.jou
#-----------------------------------------------------------
start_gui
open_project C:/Users/Oscar/Desktop/carpetas/cole/2022.2/DLD/lab06again/lab05.xpr
WARNING: [filemgmt 56-3] Default IP Output Path : Could not find the directory 'C:/Users/Oscar/Desktop/carpetas/cole/2022.2/DLD/lab06again/lab05.gen/sources_1'.
Scanning sources...
Finished scanning sources
INFO: [IP_Flow 19-234] Refreshing IP repositories
INFO: [IP_Flow 19-1704] No user IP repositories specified
INFO: [IP_Flow 19-2313] Loaded Vivado IP repository 'C:/Xilinx/Vivado/2021.1/data/ip'.
open_project: Time (s): cpu = 00:00:06 ; elapsed = 00:00:05 . Memory (MB): peak = 1451.121 ; gain = 0.000
update_compile_order -fileset sources_1
exit
INFO: [Common 17-206] Exiting Vivado at Thu Dec 22 12:58:52 2022...
